<?xml version="1.0" encoding="UTF-8"?>
<coverage generated="1777620695246" clover="3.2.0">
  <project timestamp="1777620695246" name="All files">
    <metrics statements="1150" coveredstatements="950" conditionals="1315" coveredconditionals="909" methods="339" coveredmethods="286" elements="2804" coveredelements="2145" complexity="0" loc="1150" ncloc="1150" packages="3" files="13" classes="13"/>
    <package name="src">
      <metrics statements="818" coveredstatements="676" conditionals="885" coveredconditionals="599" methods="188" coveredmethods="169"/>
      <file name="api.ts" path="/home/moenarch/moritzbrantner/dirbase/ui/src/api.ts">
        <metrics statements="38" coveredstatements="37" conditionals="26" coveredconditionals="22" methods="7" coveredmethods="7"/>
        <line num="4" count="2" type="stmt"/>
        <line num="9" count="2" type="cond" truecount="2" falsecount="0"/>
        <line num="10" count="1" type="stmt"/>
        <line num="12" count="1" type="stmt"/>
        <line num="16" count="1" type="stmt"/>
        <line num="21" count="1" type="stmt"/>
        <line num="22" count="1" type="stmt"/>
        <line num="23" count="1" type="stmt"/>
        <line num="24" count="1" type="stmt"/>
        <line num="28" count="1" type="stmt"/>
        <line num="38" count="1" type="stmt"/>
        <line num="43" count="1" type="cond" truecount="1" falsecount="1"/>
        <line num="44" count="1" type="stmt"/>
        <line num="46" count="0" type="stmt"/>
        <line num="50" count="2" type="stmt"/>
        <line num="55" count="2" type="cond" truecount="2" falsecount="0"/>
        <line num="56" count="1" type="stmt"/>
        <line num="58" count="1" type="stmt"/>
        <line num="62" count="2" type="stmt"/>
        <line num="70" count="2" type="cond" truecount="2" falsecount="0"/>
        <line num="71" count="1" type="stmt"/>
        <line num="72" count="1" type="cond" truecount="1" falsecount="1"/>
        <line num="77" count="2" type="stmt"/>
        <line num="83" count="2" type="cond" truecount="2" falsecount="0"/>
        <line num="84" count="1" type="stmt"/>
        <line num="85" count="1" type="cond" truecount="1" falsecount="1"/>
        <line num="87" count="1" type="stmt"/>
        <line num="99" count="3" type="stmt"/>
        <line num="108" count="3" type="stmt"/>
        <line num="109" count="3" type="stmt"/>
        <line num="110" count="3" type="cond" truecount="2" falsecount="0"/>
        <line num="111" count="2" type="stmt"/>
        <line num="112" count="2" type="stmt"/>
        <line num="114" count="1" type="stmt"/>
        <line num="118" count="3" type="cond" truecount="2" falsecount="0"/>
        <line num="120" count="1" type="cond" truecount="3" falsecount="1"/>
        <line num="123" count="1" type="stmt"/>
        <line num="126" count="2" type="stmt"/>
      </file>
      <file name="helpers.ts" path="/home/moenarch/moritzbrantner/dirbase/ui/src/helpers.ts">
        <metrics statements="50" coveredstatements="46" conditionals="67" coveredconditionals="59" methods="12" coveredmethods="12"/>
        <line num="4" count="2477" type="cond" truecount="3" falsecount="0"/>
        <line num="8" count="23" type="cond" truecount="3" falsecount="0"/>
        <line num="12" count="10" type="cond" truecount="2" falsecount="0"/>
        <line num="18" count="10" type="cond" truecount="2" falsecount="0"/>
        <line num="22" count="3" type="cond" truecount="3" falsecount="0"/>
        <line num="26" count="8" type="stmt"/>
        <line num="28" count="8" type="stmt"/>
        <line num="29" count="22" type="cond" truecount="1" falsecount="1"/>
        <line num="30" count="22" type="stmt"/>
        <line num="33" count="8" type="stmt"/>
        <line num="34" count="23" type="cond" truecount="2" falsecount="0"/>
        <line num="35" count="2" type="stmt"/>
        <line num="38" count="8" type="stmt"/>
        <line num="39" count="8" type="stmt"/>
        <line num="40" count="23" type="cond" truecount="2" falsecount="0"/>
        <line num="41" count="1" type="stmt"/>
        <line num="46" count="8" type="stmt"/>
        <line num="47" count="8" type="cond" truecount="3" falsecount="1"/>
        <line num="48" count="0" type="stmt"/>
        <line num="50" count="25" type="stmt"/>
        <line num="54" count="9" type="stmt"/>
        <line num="58" count="1" type="cond" truecount="1" falsecount="1"/>
        <line num="62" count="8" type="cond" truecount="2" falsecount="0"/>
        <line num="63" count="1" type="stmt"/>
        <line num="65" count="7" type="cond" truecount="2" falsecount="0"/>
        <line num="66" count="1" type="stmt"/>
        <line num="68" count="6" type="cond" truecount="4" falsecount="0"/>
        <line num="69" count="2" type="stmt"/>
        <line num="71" count="4" type="cond" truecount="2" falsecount="0"/>
        <line num="72" count="1" type="stmt"/>
        <line num="74" count="3" type="cond" truecount="1" falsecount="1"/>
        <line num="75" count="3" type="stmt"/>
        <line num="76" count="3" type="cond" truecount="2" falsecount="0"/>
        <line num="78" count="0" type="stmt"/>
        <line num="82" count="3" type="stmt"/>
        <line num="83" count="3" type="cond" truecount="3" falsecount="1"/>
        <line num="84" count="0" type="stmt"/>
        <line num="86" count="3" type="cond" truecount="5" falsecount="0"/>
        <line num="87" count="1" type="stmt"/>
        <line num="89" count="2" type="cond" truecount="1" falsecount="1"/>
        <line num="90" count="2" type="stmt"/>
        <line num="91" count="2" type="cond" truecount="5" falsecount="0"/>
        <line num="92" count="1" type="stmt"/>
        <line num="95" count="1" type="stmt"/>
        <line num="102" count="2" type="stmt"/>
        <line num="103" count="2" type="cond" truecount="3" falsecount="1"/>
        <line num="104" count="0" type="stmt"/>
        <line num="106" count="2" type="cond" truecount="5" falsecount="0"/>
        <line num="107" count="1" type="stmt"/>
        <line num="109" count="1" type="stmt"/>
      </file>
      <file name="overviewUtils.ts" path="/home/moenarch/moritzbrantner/dirbase/ui/src/overviewUtils.ts">
        <metrics statements="69" coveredstatements="60" conditionals="70" coveredconditionals="49" methods="18" coveredmethods="17"/>
        <line num="12" count="4" type="stmt"/>
        <line num="27" count="4" type="stmt"/>
        <line num="43" count="1" type="stmt"/>
        <line num="44" count="1" type="stmt"/>
        <line num="54" count="1" type="stmt"/>
        <line num="61" count="1" type="stmt"/>
        <line num="76" count="2" type="stmt"/>
        <line num="77" count="2" type="stmt"/>
        <line num="112" count="22" type="cond" truecount="2" falsecount="0"/>
        <line num="113" count="5" type="stmt"/>
        <line num="114" count="5" type="stmt"/>
        <line num="123" count="17" type="cond" truecount="1" falsecount="1"/>
        <line num="125" count="15" type="cond" truecount="2" falsecount="0"/>
        <line num="126" count="1" type="stmt"/>
        <line num="135" count="14" type="cond" truecount="2" falsecount="0"/>
        <line num="136" count="1" type="cond" truecount="1" falsecount="1"/>
        <line num="137" count="1" type="stmt"/>
        <line num="145" count="0" type="stmt"/>
        <line num="146" count="0" type="stmt"/>
        <line num="155" count="13" type="stmt"/>
        <line num="156" count="13" type="cond" truecount="2" falsecount="0"/>
        <line num="157" count="4" type="stmt"/>
        <line num="166" count="9" type="stmt"/>
        <line num="167" count="9" type="stmt"/>
        <line num="177" count="11" type="cond" truecount="2" falsecount="0"/>
        <line num="178" count="1" type="stmt"/>
        <line num="181" count="10" type="cond" truecount="1" falsecount="1"/>
        <line num="182" count="10" type="stmt"/>
        <line num="184" count="10" type="stmt"/>
        <line num="185" count="19" type="cond" truecount="2" falsecount="0"/>
        <line num="186" count="8" type="stmt"/>
        <line num="190" count="10" type="stmt"/>
        <line num="194" count="7" type="cond" truecount="1" falsecount="1"/>
        <line num="195" count="0" type="stmt"/>
        <line num="198" count="7" type="cond" truecount="1" falsecount="1"/>
        <line num="199" count="7" type="stmt"/>
        <line num="200" count="15" type="stmt"/>
        <line num="204" count="1" type="stmt"/>
        <line num="205" count="1" type="stmt"/>
        <line num="206" count="1" type="cond" truecount="1" falsecount="1"/>
        <line num="207" count="0" type="stmt"/>
        <line num="209" count="1" type="stmt"/>
        <line num="210" count="1" type="stmt"/>
        <line num="218" count="0" type="stmt"/>
        <line num="226" count="0" type="stmt"/>
        <line num="230" count="1" type="stmt"/>
        <line num="240" count="2" type="stmt"/>
        <line num="241" count="2" type="stmt"/>
        <line num="242" count="1" type="stmt"/>
        <line num="243" count="1" type="stmt"/>
        <line num="244" count="1" type="stmt"/>
        <line num="245" count="1" type="stmt"/>
        <line num="246" count="1" type="stmt"/>
        <line num="247" count="2" type="stmt"/>
        <line num="248" count="2" type="stmt"/>
        <line num="250" count="1" type="stmt"/>
        <line num="255" count="2" type="cond" truecount="1" falsecount="1"/>
        <line num="256" count="0" type="stmt"/>
        <line num="259" count="2" type="stmt"/>
        <line num="260" count="2" type="stmt"/>
        <line num="261" count="3" type="stmt"/>
        <line num="263" count="2" type="stmt"/>
        <line num="267" count="18" type="cond" truecount="3" falsecount="1"/>
        <line num="268" count="0" type="stmt"/>
        <line num="270" count="18" type="stmt"/>
        <line num="271" count="18" type="cond" truecount="3" falsecount="1"/>
        <line num="272" count="0" type="stmt"/>
        <line num="274" count="18" type="stmt"/>
        <line num="278" count="55" type="cond" truecount="3" falsecount="0"/>
      </file>
      <file name="schemaEditor.ts" path="/home/moenarch/moritzbrantner/dirbase/ui/src/schemaEditor.ts">
        <metrics statements="54" coveredstatements="40" conditionals="41" coveredconditionals="25" methods="14" coveredmethods="13"/>
        <line num="6" count="3" type="stmt"/>
        <line num="7" count="3" type="stmt"/>
        <line num="17" count="104" type="cond" truecount="2" falsecount="0"/>
        <line num="21" count="1" type="stmt"/>
        <line num="22" count="1" type="stmt"/>
        <line num="24" count="1" type="cond" truecount="5" falsecount="1"/>
        <line num="25" count="0" type="stmt"/>
        <line num="28" count="1" type="stmt"/>
        <line num="37" count="1" type="cond" truecount="1" falsecount="1"/>
        <line num="38" count="0" type="stmt"/>
        <line num="44" count="1" type="stmt"/>
        <line num="45" count="1" type="stmt"/>
        <line num="46" count="0" type="cond" truecount="0" falsecount="2"/>
        <line num="47" count="0" type="stmt"/>
        <line num="52" count="0" type="stmt"/>
        <line num="57" count="1" type="stmt"/>
        <line num="65" count="1" type="stmt"/>
        <line num="66" count="1" type="stmt"/>
        <line num="67" count="1" type="stmt"/>
        <line num="69" count="1" type="stmt"/>
        <line num="74" count="1" type="stmt"/>
        <line num="79" count="1" type="stmt"/>
        <line num="86" count="2" type="stmt"/>
        <line num="87" count="1" type="stmt"/>
        <line num="89" count="1" type="cond" truecount="1" falsecount="1"/>
        <line num="90" count="1" type="cond" truecount="1" falsecount="1"/>
        <line num="91" count="0" type="stmt"/>
        <line num="94" count="1" type="stmt"/>
        <line num="95" count="1" type="cond" truecount="1" falsecount="1"/>
        <line num="96" count="1" type="cond" truecount="3" falsecount="1"/>
        <line num="97" count="0" type="stmt"/>
        <line num="100" count="1" type="stmt"/>
        <line num="101" count="1" type="stmt"/>
        <line num="110" count="1" type="stmt"/>
        <line num="111" count="0" type="stmt"/>
        <line num="112" count="0" type="stmt"/>
        <line num="113" count="0" type="stmt"/>
        <line num="118" count="2" type="cond" truecount="1" falsecount="1"/>
        <line num="119" count="0" type="stmt"/>
        <line num="122" count="2" type="stmt"/>
        <line num="123" count="2" type="cond" truecount="1" falsecount="1"/>
        <line num="127" count="1" type="cond" truecount="1" falsecount="1"/>
        <line num="128" count="0" type="stmt"/>
        <line num="131" count="1" type="stmt"/>
        <line num="132" count="1" type="stmt"/>
        <line num="137" count="3" type="cond" truecount="1" falsecount="1"/>
        <line num="138" count="0" type="stmt"/>
        <line num="141" count="3" type="stmt"/>
        <line num="142" count="3" type="stmt"/>
        <line num="150" count="4" type="cond" truecount="1" falsecount="1"/>
        <line num="151" count="0" type="stmt"/>
        <line num="154" count="4" type="stmt"/>
        <line num="156" count="1" type="cond" truecount="1" falsecount="1"/>
        <line num="162" count="2" type="stmt"/>
      </file>
      <file name="schemaWorkspace.ts" path="/home/moenarch/moritzbrantner/dirbase/ui/src/schemaWorkspace.ts">
        <metrics statements="517" coveredstatements="416" conditionals="602" coveredconditionals="387" methods="114" coveredmethods="98"/>
        <line num="18" count="2" type="stmt"/>
        <line num="19" count="2" type="stmt"/>
        <line num="31" count="2" type="stmt"/>
        <line num="32" count="2" type="stmt"/>
        <line num="33" count="2" type="stmt"/>
        <line num="34" count="2" type="stmt"/>
        <line num="35" count="2" type="stmt"/>
        <line num="61" count="8" type="cond" truecount="3" falsecount="1"/>
        <line num="62" count="0" type="stmt"/>
        <line num="65" count="8" type="stmt"/>
        <line num="68" count="17" type="stmt"/>
        <line num="79" count="26" type="cond" truecount="3" falsecount="1"/>
        <line num="80" count="0" type="stmt"/>
        <line num="83" count="26" type="stmt"/>
        <line num="86" count="19" type="stmt"/>
        <line num="95" count="13" type="stmt"/>
        <line num="99" count="0" type="stmt"/>
        <line num="106" count="8" type="stmt"/>
        <line num="107" count="8" type="stmt"/>
        <line num="108" count="8" type="stmt"/>
        <line num="112" count="8" type="stmt"/>
        <line num="113" count="8" type="stmt"/>
        <line num="115" count="8" type="stmt"/>
        <line num="116" count="17" type="stmt"/>
        <line num="117" count="17" type="stmt"/>
        <line num="118" count="17" type="stmt"/>
        <line num="122" count="17" type="cond" truecount="2" falsecount="0"/>
        <line num="123" count="17" type="cond" truecount="2" falsecount="0"/>
        <line num="124" count="17" type="stmt"/>
        <line num="126" count="9" type="cond" truecount="2" falsecount="0"/>
        <line num="130" count="17" type="cond" truecount="2" falsecount="0"/>
        <line num="133" count="17" type="cond" truecount="1" falsecount="1"/>
        <line num="134" count="17" type="cond" truecount="2" falsecount="0"/>
        <line num="136" count="17" type="stmt"/>
        <line num="146" count="8" type="stmt"/>
        <line num="147" count="8" type="stmt"/>
        <line num="148" count="17" type="cond" truecount="2" falsecount="0"/>
        <line num="151" count="8" type="stmt"/>
        <line num="158" count="5" type="stmt"/>
        <line num="159" count="5" type="stmt"/>
        <line num="161" count="5" type="cond" truecount="1" falsecount="1"/>
        <line num="162" count="6" type="stmt"/>
        <line num="163" count="6" type="cond" truecount="3" falsecount="1"/>
        <line num="164" count="0" type="stmt"/>
        <line num="166" count="6" type="cond" truecount="1" falsecount="1"/>
        <line num="167" count="17" type="stmt"/>
        <line num="168" count="17" type="cond" truecount="2" falsecount="0"/>
        <line num="169" count="1" type="stmt"/>
        <line num="173" count="5" type="cond" truecount="1" falsecount="1"/>
        <line num="174" count="4" type="stmt"/>
        <line num="175" count="4" type="cond" truecount="1" falsecount="1"/>
        <line num="176" count="0" type="stmt"/>
        <line num="179" count="4" type="stmt"/>
        <line num="180" count="4" type="cond" truecount="2" falsecount="0"/>
        <line num="181" count="1" type="stmt"/>
        <line num="184" count="3" type="stmt"/>
        <line num="185" count="3" type="cond" truecount="1" falsecount="1"/>
        <line num="186" count="0" type="stmt"/>
        <line num="189" count="3" type="cond" truecount="2" falsecount="0"/>
        <line num="195" count="1" type="stmt"/>
        <line num="199" count="3" type="stmt"/>
        <line num="200" count="3" type="stmt"/>
        <line num="201" count="3" type="cond" truecount="2" falsecount="0"/>
        <line num="202" count="2" type="cond" truecount="1" falsecount="1"/>
        <line num="203" count="0" type="stmt"/>
        <line num="205" count="2" type="stmt"/>
        <line num="206" count="2" type="stmt"/>
        <line num="207" count="2" type="cond" truecount="1" falsecount="1"/>
        <line num="208" count="0" type="stmt"/>
        <line num="210" count="2" type="stmt"/>
        <line num="211" count="2" type="cond" truecount="2" falsecount="0"/>
        <line num="212" count="1" type="stmt"/>
        <line num="215" count="1" type="stmt"/>
        <line num="216" count="1" type="cond" truecount="1" falsecount="1"/>
        <line num="217" count="0" type="stmt"/>
        <line num="219" count="1" type="stmt"/>
        <line num="223" count="1" type="stmt"/>
        <line num="230" count="0" type="stmt"/>
        <line num="231" count="0" type="stmt"/>
        <line num="239" count="0" type="stmt"/>
        <line num="240" count="0" type="cond" truecount="0" falsecount="4"/>
        <line num="241" count="0" type="stmt"/>
        <line num="242" count="0" type="stmt"/>
        <line num="250" count="2" type="stmt"/>
        <line num="251" count="2" type="cond" truecount="2" falsecount="0"/>
        <line num="260" count="2" type="stmt"/>
        <line num="261" count="2" type="cond" truecount="2" falsecount="0"/>
        <line num="270" count="2" type="stmt"/>
        <line num="271" count="2" type="cond" truecount="1" falsecount="1"/>
        <line num="282" count="4" type="stmt"/>
        <line num="283" count="4" type="stmt"/>
        <line num="284" count="4" type="cond" truecount="1" falsecount="1"/>
        <line num="285" count="4" type="cond" truecount="1" falsecount="1"/>
        <line num="287" count="4" type="stmt"/>
        <line num="288" count="4" type="cond" truecount="2" falsecount="0"/>
        <line num="289" count="4" type="stmt"/>
        <line num="290" count="4" type="cond" truecount="2" falsecount="0"/>
        <line num="291" count="4" type="cond" truecount="2" falsecount="0"/>
        <line num="292" count="4" type="stmt"/>
        <line num="298" count="4" type="cond" truecount="2" falsecount="0"/>
        <line num="299" count="1" type="cond" truecount="3" falsecount="1"/>
        <line num="300" count="0" type="stmt"/>
        <line num="302" count="1" type="stmt"/>
        <line num="305" count="4" type="cond" truecount="1" falsecount="1"/>
        <line num="306" count="0" type="cond" truecount="0" falsecount="4"/>
        <line num="307" count="0" type="stmt"/>
        <line num="309" count="4" type="cond" truecount="1" falsecount="1"/>
        <line num="310" count="0" type="cond" truecount="0" falsecount="4"/>
        <line num="311" count="0" type="stmt"/>
        <line num="313" count="4" type="cond" truecount="2" falsecount="0"/>
        <line num="314" count="1" type="cond" truecount="1" falsecount="1"/>
        <line num="315" count="1" type="stmt"/>
        <line num="317" count="4" type="cond" truecount="2" falsecount="0"/>
        <line num="318" count="1" type="cond" truecount="1" falsecount="1"/>
        <line num="319" count="1" type="stmt"/>
        <line num="321" count="4" type="cond" truecount="2" falsecount="0"/>
        <line num="322" count="1" type="cond" truecount="3" falsecount="1"/>
        <line num="323" count="1" type="stmt"/>
        <line num="326" count="4" type="cond" truecount="5" falsecount="0"/>
        <line num="327" count="1" type="stmt"/>
        <line num="328" count="1" type="stmt"/>
        <line num="329" count="1" type="stmt"/>
        <line num="332" count="3" type="cond" truecount="1" falsecount="1"/>
        <line num="337" count="0" type="stmt"/>
        <line num="338" count="0" type="stmt"/>
        <line num="339" count="0" type="stmt"/>
        <line num="342" count="3" type="stmt"/>
        <line num="343" count="3" type="stmt"/>
        <line num="351" count="1" type="stmt"/>
        <line num="352" count="1" type="stmt"/>
        <line num="359" count="1" type="cond" truecount="2" falsecount="0"/>
        <line num="360" count="0" type="stmt"/>
        <line num="369" count="0" type="stmt"/>
        <line num="370" count="0" type="cond" truecount="0" falsecount="2"/>
        <line num="371" count="0" type="stmt"/>
        <line num="374" count="0" type="stmt"/>
        <line num="389" count="1" type="stmt"/>
        <line num="393" count="1" type="stmt"/>
        <line num="394" count="1" type="cond" truecount="1" falsecount="1"/>
        <line num="395" count="1" type="stmt"/>
        <line num="396" count="1" type="stmt"/>
        <line num="398" count="1" type="cond" truecount="1" falsecount="1"/>
        <line num="399" count="1" type="stmt"/>
        <line num="403" count="0" type="cond" truecount="0" falsecount="2"/>
        <line num="404" count="0" type="stmt"/>
        <line num="415" count="1" type="stmt"/>
        <line num="416" count="1" type="cond" truecount="2" falsecount="0"/>
        <line num="417" count="1" type="stmt"/>
        <line num="418" count="1" type="stmt"/>
        <line num="419" count="1" type="cond" truecount="1" falsecount="1"/>
        <line num="420" count="1" type="stmt"/>
        <line num="430" count="0" type="stmt"/>
        <line num="439" count="0" type="stmt"/>
        <line num="440" count="0" type="cond" truecount="0" falsecount="2"/>
        <line num="441" count="0" type="stmt"/>
        <line num="443" count="0" type="cond" truecount="0" falsecount="4"/>
        <line num="444" count="0" type="stmt"/>
        <line num="446" count="0" type="cond" truecount="0" falsecount="2"/>
        <line num="447" count="0" type="stmt"/>
        <line num="449" count="0" type="stmt"/>
        <line num="453" count="0" type="stmt"/>
        <line num="454" count="0" type="stmt"/>
        <line num="460" count="0" type="stmt"/>
        <line num="461" count="0" type="stmt"/>
        <line num="462" count="0" type="stmt"/>
        <line num="464" count="0" type="stmt"/>
        <line num="476" count="64" type="stmt"/>
        <line num="477" count="30" type="stmt"/>
        <line num="478" count="30" type="stmt"/>
        <line num="479" count="30" type="stmt"/>
        <line num="480" count="28" type="cond" truecount="2" falsecount="0"/>
        <line num="481" count="28" type="stmt"/>
        <line num="482" count="28" type="stmt"/>
        <line num="484" count="30" type="stmt"/>
        <line num="486" count="64" type="stmt"/>
        <line num="487" count="64" type="stmt"/>
        <line num="493" count="30" type="stmt"/>
        <line num="494" count="64" type="cond" truecount="1" falsecount="1"/>
        <line num="495" count="64" type="stmt"/>
        <line num="496" count="148" type="cond" truecount="2" falsecount="0"/>
        <line num="497" count="56" type="stmt"/>
        <line num="503" count="30" type="stmt"/>
        <line num="505" count="30" type="stmt"/>
        <line num="506" count="28" type="cond" truecount="1" falsecount="1"/>
        <line num="507" count="0" type="stmt"/>
        <line num="509" count="28" type="cond" truecount="2" falsecount="0"/>
        <line num="510" count="28" type="stmt"/>
        <line num="511" count="28" type="stmt"/>
        <line num="514" count="30" type="stmt"/>
        <line num="516" count="64" type="cond" truecount="1" falsecount="1"/>
        <line num="517" count="148" type="cond" truecount="2" falsecount="0"/>
        <line num="519" count="148" type="cond" truecount="3" falsecount="0"/>
        <line num="522" count="188" type="cond" truecount="3" falsecount="0"/>
        <line num="527" count="148" type="cond" truecount="3" falsecount="0"/>
        <line num="530" count="92" type="cond" truecount="1" falsecount="1"/>
        <line num="531" count="92" type="stmt"/>
        <line num="533" count="208" type="cond" truecount="3" falsecount="0"/>
        <line num="539" count="148" type="cond" truecount="2" falsecount="0"/>
        <line num="544" count="148" type="cond" truecount="3" falsecount="0"/>
        <line num="545" count="148" type="stmt"/>
        <line num="553" count="64" type="stmt"/>
        <line num="557" count="148" type="stmt"/>
        <line num="559" count="22" type="cond" truecount="1" falsecount="1"/>
        <line num="560" count="22" type="cond" truecount="1" falsecount="1"/>
        <line num="562" count="0" type="cond" truecount="0" falsecount="2"/>
        <line num="563" count="0" type="cond" truecount="0" falsecount="2"/>
        <line num="565" count="0" type="cond" truecount="0" falsecount="2"/>
        <line num="566" count="0" type="cond" truecount="0" falsecount="2"/>
        <line num="568" count="0" type="stmt"/>
        <line num="581" count="12" type="stmt"/>
        <line num="582" count="12" type="cond" truecount="2" falsecount="0"/>
        <line num="583" count="25" type="stmt"/>
        <line num="584" count="12" type="stmt"/>
        <line num="585" count="12" type="stmt"/>
        <line num="586" count="12" type="stmt"/>
        <line num="588" count="12" type="stmt"/>
        <line num="589" count="22" type="stmt"/>
        <line num="590" count="22" type="stmt"/>
        <line num="592" count="22" type="stmt"/>
        <line num="593" count="25" type="stmt"/>
        <line num="594" count="25" type="cond" truecount="1" falsecount="1"/>
        <line num="595" count="25" type="stmt"/>
        <line num="599" count="25" type="stmt"/>
        <line num="604" count="22" type="stmt"/>
        <line num="607" count="12" type="stmt"/>
        <line num="608" count="25" type="cond" truecount="1" falsecount="1"/>
        <line num="609" count="0" type="stmt"/>
        <line num="610" count="0" type="stmt"/>
        <line num="614" count="12" type="stmt"/>
        <line num="621" count="100" type="stmt"/>
        <line num="622" count="47" type="stmt"/>
        <line num="623" count="47" type="stmt"/>
        <line num="624" count="47" type="stmt"/>
        <line num="626" count="47" type="stmt"/>
        <line num="627" count="100" type="stmt"/>
        <line num="629" count="100" type="cond" truecount="1" falsecount="1"/>
        <line num="630" count="34" type="cond" truecount="1" falsecount="1"/>
        <line num="631" count="0" type="stmt"/>
        <line num="634" count="34" type="stmt"/>
        <line num="643" count="100" type="cond" truecount="1" falsecount="1"/>
        <line num="644" count="228" type="stmt"/>
        <line num="645" count="228" type="cond" truecount="2" falsecount="0"/>
        <line num="646" count="34" type="stmt"/>
        <line num="649" count="194" type="stmt"/>
        <line num="655" count="194" type="cond" truecount="2" falsecount="0"/>
        <line num="656" count="10" type="stmt"/>
        <line num="661" count="47" type="stmt"/>
        <line num="662" count="5" type="stmt"/>
        <line num="663" count="5" type="stmt"/>
        <line num="664" count="5" type="stmt"/>
        <line num="673" count="13" type="stmt"/>
        <line num="674" count="13" type="cond" truecount="1" falsecount="1"/>
        <line num="675" count="13" type="stmt"/>
        <line num="676" count="13" type="stmt"/>
        <line num="677" count="13" type="stmt"/>
        <line num="679" count="13" type="cond" truecount="2" falsecount="0"/>
        <line num="680" count="3" type="stmt"/>
        <line num="682" count="10" type="stmt"/>
        <line num="685" count="13" type="stmt"/>
        <line num="692" count="39" type="stmt"/>
        <line num="693" count="39" type="cond" truecount="1" falsecount="1"/>
        <line num="694" count="29" type="stmt"/>
        <line num="695" count="29" type="cond" truecount="1" falsecount="1"/>
        <line num="696" count="29" type="stmt"/>
        <line num="700" count="39" type="stmt"/>
        <line num="707" count="42" type="stmt"/>
        <line num="708" count="42" type="cond" truecount="2" falsecount="0"/>
        <line num="709" count="15" type="stmt"/>
        <line num="710" count="15" type="cond" truecount="3" falsecount="1"/>
        <line num="711" count="15" type="stmt"/>
        <line num="715" count="42" type="stmt"/>
        <line num="716" count="42" type="cond" truecount="2" falsecount="0"/>
        <line num="717" count="8" type="cond" truecount="1" falsecount="1"/>
        <line num="718" count="8" type="stmt"/>
        <line num="724" count="42" type="cond" truecount="2" falsecount="0"/>
        <line num="725" count="42" type="stmt"/>
        <line num="727" count="42" type="stmt"/>
        <line num="741" count="42" type="stmt"/>
        <line num="752" count="232" type="stmt"/>
        <line num="753" count="232" type="cond" truecount="1" falsecount="1"/>
        <line num="754" count="554" type="stmt"/>
        <line num="757" count="232" type="stmt"/>
        <line num="758" count="232" type="cond" truecount="1" falsecount="1"/>
        <line num="759" count="92" type="cond" truecount="1" falsecount="1"/>
        <line num="760" count="92" type="stmt"/>
        <line num="767" count="232" type="stmt"/>
        <line num="768" count="232" type="cond" truecount="1" falsecount="1"/>
        <line num="769" count="0" type="cond" truecount="0" falsecount="2"/>
        <line num="770" count="0" type="stmt"/>
        <line num="780" count="232" type="stmt"/>
        <line num="782" count="232" type="stmt"/>
        <line num="794" count="81" type="cond" truecount="2" falsecount="0"/>
        <line num="795" count="17" type="stmt"/>
        <line num="798" count="64" type="stmt"/>
        <line num="799" count="64" type="cond" truecount="2" falsecount="0"/>
        <line num="800" count="24" type="stmt"/>
        <line num="801" count="24" type="stmt"/>
        <line num="805" count="64" type="stmt"/>
        <line num="806" count="64" type="cond" truecount="2" falsecount="0"/>
        <line num="807" count="17" type="stmt"/>
        <line num="808" count="17" type="cond" truecount="1" falsecount="1"/>
        <line num="809" count="17" type="stmt"/>
        <line num="816" count="64" type="stmt"/>
        <line num="818" count="64" type="stmt"/>
        <line num="826" count="7" type="stmt"/>
        <line num="833" count="222" type="cond" truecount="2" falsecount="0"/>
        <line num="834" count="7" type="stmt"/>
        <line num="837" count="215" type="stmt"/>
        <line num="838" count="215" type="cond" truecount="1" falsecount="1"/>
        <line num="839" count="215" type="stmt"/>
        <line num="840" count="513" type="stmt"/>
        <line num="844" count="215" type="stmt"/>
        <line num="845" count="215" type="cond" truecount="1" falsecount="1"/>
        <line num="846" count="215" type="stmt"/>
        <line num="847" count="84" type="cond" truecount="1" falsecount="1"/>
        <line num="848" count="84" type="stmt"/>
        <line num="856" count="215" type="stmt"/>
        <line num="857" count="215" type="cond" truecount="2" falsecount="0"/>
        <line num="858" count="26" type="stmt"/>
        <line num="859" count="0" type="cond" truecount="0" falsecount="2"/>
        <line num="860" count="0" type="stmt"/>
        <line num="872" count="215" type="stmt"/>
        <line num="884" count="1114" type="cond" truecount="2" falsecount="0"/>
        <line num="885" count="3" type="stmt"/>
        <line num="888" count="1111" type="cond" truecount="2" falsecount="0"/>
        <line num="889" count="52" type="stmt"/>
        <line num="891" count="1111" type="stmt"/>
        <line num="911" count="1" type="stmt"/>
        <line num="922" count="1" type="stmt"/>
        <line num="933" count="2222" type="cond" truecount="2" falsecount="2"/>
        <line num="934" count="0" type="stmt"/>
        <line num="936" count="2222" type="cond" truecount="2" falsecount="2"/>
        <line num="937" count="0" type="stmt"/>
        <line num="939" count="2222" type="stmt"/>
        <line num="943" count="338" type="cond" truecount="2" falsecount="0"/>
        <line num="944" count="316" type="stmt"/>
        <line num="946" count="22" type="stmt"/>
        <line num="948" count="22" type="cond" truecount="1" falsecount="1"/>
        <line num="949" count="0" type="stmt"/>
        <line num="951" count="22" type="stmt"/>
        <line num="954" count="22" type="cond" truecount="2" falsecount="0"/>
        <line num="955" count="22" type="stmt"/>
        <line num="958" count="22" type="cond" truecount="1" falsecount="1"/>
        <line num="963" count="4" type="stmt"/>
        <line num="967" count="1111" type="cond" truecount="3" falsecount="1"/>
        <line num="971" count="553" type="cond" truecount="4" falsecount="0"/>
        <line num="979" count="17" type="cond" truecount="2" falsecount="0"/>
        <line num="980" count="16" type="stmt"/>
        <line num="982" count="1" type="cond" truecount="1" falsecount="1"/>
        <line num="983" count="1" type="stmt"/>
        <line num="985" count="0" type="stmt"/>
        <line num="989" count="310" type="stmt"/>
        <line num="998" count="320" type="stmt"/>
        <line num="1006" count="17" type="cond" truecount="1" falsecount="1"/>
        <line num="1007" count="17" type="cond" truecount="2" falsecount="0"/>
        <line num="1008" count="2" type="cond" truecount="2" falsecount="0"/>
        <line num="1009" count="1" type="stmt"/>
        <line num="1011" count="1" type="cond" truecount="1" falsecount="1"/>
        <line num="1012" count="0" type="stmt"/>
        <line num="1014" count="1" type="cond" truecount="1" falsecount="1"/>
        <line num="1015" count="0" type="stmt"/>
        <line num="1018" count="16" type="cond" truecount="3" falsecount="2"/>
        <line num="1019" count="0" type="stmt"/>
        <line num="1021" count="16" type="stmt"/>
        <line num="1022" count="16" type="stmt"/>
        <line num="1023" count="16" type="cond" truecount="2" falsecount="2"/>
        <line num="1024" count="0" type="stmt"/>
        <line num="1026" count="16" type="cond" truecount="2" falsecount="2"/>
        <line num="1027" count="0" type="stmt"/>
        <line num="1029" count="16" type="cond" truecount="2" falsecount="5"/>
        <line num="1030" count="0" type="stmt"/>
        <line num="1032" count="16" type="cond" truecount="3" falsecount="2"/>
        <line num="1036" count="0" type="stmt"/>
        <line num="1038" count="16" type="cond" truecount="1" falsecount="1"/>
        <line num="1043" count="0" type="stmt"/>
        <line num="1045" count="16" type="cond" truecount="1" falsecount="1"/>
        <line num="1046" count="0" type="cond" truecount="0" falsecount="2"/>
        <line num="1047" count="0" type="stmt"/>
        <line num="1049" count="0" type="stmt"/>
        <line num="1050" count="0" type="stmt"/>
        <line num="1052" count="0" type="stmt"/>
        <line num="1055" count="16" type="stmt"/>
        <line num="1059" count="245" type="stmt"/>
        <line num="1063" count="0" type="cond" truecount="0" falsecount="2"/>
        <line num="1067" count="0" type="stmt"/>
        <line num="1071" count="32" type="cond" truecount="1" falsecount="1"/>
        <line num="1072" count="32" type="stmt"/>
        <line num="1074" count="0" type="cond" truecount="0" falsecount="2"/>
        <line num="1075" count="0" type="cond" truecount="0" falsecount="2"/>
        <line num="1077" count="0" type="cond" truecount="0" falsecount="4"/>
        <line num="1078" count="0" type="stmt"/>
        <line num="1079" count="0" type="cond" truecount="0" falsecount="2"/>
        <line num="1081" count="0" type="cond" truecount="0" falsecount="4"/>
        <line num="1082" count="0" type="stmt"/>
        <line num="1083" count="0" type="cond" truecount="0" falsecount="2"/>
        <line num="1085" count="0" type="stmt"/>
        <line num="1089" count="47" type="stmt"/>
        <line num="1091" count="47" type="stmt"/>
        <line num="1092" count="100" type="stmt"/>
        <line num="1093" count="100" type="stmt"/>
        <line num="1099" count="400" type="cond" truecount="1" falsecount="1"/>
        <line num="1100" count="400" type="stmt"/>
        <line num="1105" count="47" type="stmt"/>
        <line num="1109" count="100" type="cond" truecount="2" falsecount="2"/>
        <line num="1110" count="0" type="stmt"/>
        <line num="1112" count="100" type="cond" truecount="3" falsecount="1"/>
        <line num="1113" count="100" type="stmt"/>
        <line num="1115" count="0" type="stmt"/>
        <line num="1119" count="200" type="stmt"/>
        <line num="1128" count="194" type="cond" truecount="2" falsecount="0"/>
        <line num="1133" count="194" type="cond" truecount="2" falsecount="0"/>
        <line num="1134" count="184" type="stmt"/>
        <line num="1138" count="10" type="cond" truecount="1" falsecount="2"/>
        <line num="1139" count="10" type="cond" truecount="3" falsecount="1"/>
        <line num="1140" count="0" type="stmt"/>
        <line num="1143" count="10" type="stmt"/>
        <line num="1144" count="10" type="cond" truecount="3" falsecount="1"/>
        <line num="1145" count="0" type="stmt"/>
        <line num="1148" count="10" type="stmt"/>
        <line num="1158" count="201" type="stmt"/>
        <line num="1168" count="0" type="stmt"/>
        <line num="1190" count="18" type="cond" truecount="1" falsecount="1"/>
        <line num="1191" count="18" type="cond" truecount="1" falsecount="1"/>
        <line num="1192" count="18" type="cond" truecount="5" falsecount="0"/>
        <line num="1193" count="16" type="stmt"/>
        <line num="1195" count="4" type="cond" truecount="1" falsecount="1"/>
        <line num="1196" count="0" type="stmt"/>
        <line num="1199" count="4" type="stmt"/>
        <line num="1200" count="2" type="cond" truecount="1" falsecount="1"/>
        <line num="1201" count="0" type="stmt"/>
        <line num="1204" count="2" type="stmt"/>
        <line num="1205" count="4" type="cond" truecount="1" falsecount="1"/>
        <line num="1206" count="0" type="stmt"/>
        <line num="1208" count="4" type="stmt"/>
        <line num="1209" count="4" type="cond" truecount="2" falsecount="0"/>
        <line num="1214" count="8" type="stmt"/>
        <line num="1215" count="17" type="stmt"/>
        <line num="1218" count="8" type="stmt"/>
        <line num="1219" count="17" type="cond" truecount="2" falsecount="0"/>
        <line num="1220" count="16" type="stmt"/>
        <line num="1223" count="1" type="cond" truecount="1" falsecount="1"/>
        <line num="1224" count="1" type="stmt"/>
        <line num="1226" count="1" type="cond" truecount="1" falsecount="1"/>
        <line num="1227" count="0" type="stmt"/>
        <line num="1230" count="1" type="stmt"/>
        <line num="1231" count="1" type="stmt"/>
        <line num="1239" count="1" type="stmt"/>
        <line num="1255" count="2" type="stmt"/>
        <line num="1256" count="2" type="cond" truecount="1" falsecount="1"/>
        <line num="1257" count="0" type="stmt"/>
        <line num="1260" count="2" type="cond" truecount="1" falsecount="1"/>
        <line num="1261" count="2" type="cond" truecount="1" falsecount="1"/>
        <line num="1264" count="2" type="stmt"/>
        <line num="1275" count="64" type="stmt"/>
        <line num="1278" count="148" type="cond" truecount="2" falsecount="0"/>
        <line num="1279" count="64" type="cond" truecount="1" falsecount="1"/>
        <line num="1280" count="64" type="stmt"/>
        <line num="1281" count="64" type="cond" truecount="2" falsecount="0"/>
        <line num="1282" count="145" type="stmt"/>
        <line num="1291" count="3" type="cond" truecount="1" falsecount="1"/>
        <line num="1292" count="3" type="stmt"/>
        <line num="1299" count="0" type="stmt"/>
        <line num="1312" count="25" type="stmt"/>
        <line num="1313" count="25" type="stmt"/>
        <line num="1314" count="25" type="stmt"/>
        <line num="1315" count="25" type="stmt"/>
        <line num="1316" count="12" type="stmt"/>
        <line num="1318" count="12" type="stmt"/>
        <line num="1319" count="11" type="cond" truecount="1" falsecount="1"/>
        <line num="1320" count="11" type="cond" truecount="1" falsecount="1"/>
        <line num="1321" count="0" type="stmt"/>
        <line num="1323" count="11" type="stmt"/>
        <line num="1324" count="11" type="stmt"/>
        <line num="1325" count="11" type="cond" truecount="1" falsecount="1"/>
        <line num="1328" count="25" type="cond" truecount="1" falsecount="1"/>
        <line num="1329" count="12" type="stmt"/>
        <line num="1331" count="12" type="stmt"/>
        <line num="1332" count="25" type="stmt"/>
        <line num="1333" count="25" type="cond" truecount="3" falsecount="1"/>
        <line num="1334" count="0" type="stmt"/>
        <line num="1336" count="25" type="stmt"/>
        <line num="1337" count="25" type="cond" truecount="1" falsecount="1"/>
        <line num="1339" count="25" type="cond" truecount="1" falsecount="1"/>
        <line num="1342" count="11" type="cond" truecount="1" falsecount="1"/>
        <line num="1343" count="11" type="cond" truecount="1" falsecount="1"/>
        <line num="1344" count="11" type="cond" truecount="2" falsecount="2"/>
        <line num="1345" count="11" type="stmt"/>
        <line num="1346" count="11" type="stmt"/>
        <line num="1351" count="12" type="stmt"/>
        <line num="1352" count="12" type="stmt"/>
        <line num="1353" count="11" type="cond" truecount="2" falsecount="0"/>
        <line num="1354" count="11" type="stmt"/>
        <line num="1356" count="12" type="stmt"/>
        <line num="1357" count="25" type="stmt"/>
        <line num="1363" count="12" type="stmt"/>
        <line num="1364" count="25" type="cond" truecount="1" falsecount="1"/>
        <line num="1365" count="0" type="stmt"/>
        <line num="1369" count="12" type="stmt"/>
        <line num="1370" count="12" type="stmt"/>
        <line num="1371" count="25" type="cond" truecount="1" falsecount="1"/>
        <line num="1372" count="25" type="cond" truecount="2" falsecount="0"/>
        <line num="1373" count="25" type="stmt"/>
        <line num="1374" count="25" type="stmt"/>
        <line num="1377" count="12" type="stmt"/>
        <line num="1378" count="10" type="stmt"/>
        <line num="1380" count="22" type="stmt"/>
        <line num="1381" count="3" type="cond" truecount="1" falsecount="1"/>
        <line num="1382" count="3" type="cond" truecount="1" falsecount="1"/>
        <line num="1383" count="3" type="cond" truecount="2" falsecount="2"/>
        <line num="1384" count="3" type="cond" truecount="2" falsecount="0"/>
        <line num="1385" count="1" type="stmt"/>
        <line num="1387" count="2" type="cond" truecount="1" falsecount="1"/>
        <line num="1388" count="0" type="stmt"/>
        <line num="1390" count="2" type="stmt"/>
        <line num="1396" count="25" type="cond" truecount="2" falsecount="0"/>
        <line num="1397" count="1" type="stmt"/>
        <line num="1400" count="24" type="stmt"/>
      </file>
      <file name="urlState.ts" path="/home/moenarch/moritzbrantner/dirbase/ui/src/urlState.ts">
        <metrics statements="90" coveredstatements="77" conditionals="79" coveredconditionals="57" methods="23" coveredmethods="22"/>
        <line num="11" count="3" type="stmt"/>
        <line num="26" count="3" type="stmt"/>
        <line num="28" count="3" type="stmt"/>
        <line num="29" count="3" type="stmt"/>
        <line num="32" count="2" type="stmt"/>
        <line num="33" count="2" type="stmt"/>
        <line num="34" count="2" type="cond" truecount="2" falsecount="0"/>
        <line num="35" count="2" type="cond" truecount="2" falsecount="0"/>
        <line num="36" count="2" type="stmt"/>
        <line num="38" count="2" type="stmt"/>
        <line num="39" count="11" type="cond" truecount="2" falsecount="0"/>
        <line num="40" count="9" type="stmt"/>
        <line num="42" count="2" type="stmt"/>
        <line num="43" count="2" type="stmt"/>
        <line num="51" count="2" type="stmt"/>
        <line num="64" count="1" type="stmt"/>
        <line num="65" count="1" type="cond" truecount="1" falsecount="1"/>
        <line num="66" count="1" type="stmt"/>
        <line num="68" count="1" type="cond" truecount="1" falsecount="1"/>
        <line num="69" count="1" type="stmt"/>
        <line num="71" count="1" type="cond" truecount="1" falsecount="1"/>
        <line num="72" count="0" type="stmt"/>
        <line num="75" count="1" type="stmt"/>
        <line num="76" count="1" type="stmt"/>
        <line num="77" count="4" type="stmt"/>
        <line num="80" count="1" type="stmt"/>
        <line num="81" count="1" type="cond" truecount="1" falsecount="1"/>
        <line num="85" count="3" type="stmt"/>
        <line num="86" count="3" type="stmt"/>
        <line num="87" count="3" type="stmt"/>
        <line num="89" count="3" type="cond" truecount="2" falsecount="0"/>
        <line num="90" count="1" type="stmt"/>
        <line num="93" count="2" type="cond" truecount="2" falsecount="0"/>
        <line num="98" count="3" type="cond" truecount="2" falsecount="0"/>
        <line num="99" count="1" type="stmt"/>
        <line num="102" count="3" type="stmt"/>
        <line num="103" count="4" type="cond" truecount="2" falsecount="0"/>
        <line num="104" count="4" type="cond" truecount="4" falsecount="1"/>
        <line num="105" count="0" type="stmt"/>
        <line num="107" count="4" type="cond" truecount="2" falsecount="0"/>
        <line num="108" count="4" type="cond" truecount="2" falsecount="0"/>
        <line num="111" count="3" type="stmt"/>
        <line num="115" count="0" type="cond" truecount="0" falsecount="2"/>
        <line num="116" count="0" type="stmt"/>
        <line num="118" count="0" type="cond" truecount="0" falsecount="2"/>
        <line num="119" count="0" type="stmt"/>
        <line num="121" count="0" type="stmt"/>
        <line num="122" count="0" type="cond" truecount="0" falsecount="2"/>
        <line num="132" count="1" type="stmt"/>
        <line num="145" count="5" type="cond" truecount="2" falsecount="0"/>
        <line num="147" count="2" type="cond" truecount="2" falsecount="0"/>
        <line num="148" count="2" type="stmt"/>
        <line num="150" count="5" type="stmt"/>
        <line num="151" count="5" type="cond" truecount="2" falsecount="0"/>
        <line num="152" count="3" type="stmt"/>
        <line num="153" count="3" type="stmt"/>
        <line num="155" count="2" type="cond" truecount="2" falsecount="0"/>
        <line num="156" count="1" type="stmt"/>
        <line num="157" count="1" type="stmt"/>
        <line num="159" count="1" type="stmt"/>
        <line num="160" count="1" type="stmt"/>
        <line num="164" count="1" type="stmt"/>
        <line num="173" count="2" type="cond" truecount="2" falsecount="0"/>
        <line num="174" count="1" type="stmt"/>
        <line num="176" count="1" type="stmt"/>
        <line num="178" count="2" type="stmt"/>
        <line num="181" count="2" type="cond" truecount="2" falsecount="0"/>
        <line num="185" count="2" type="stmt"/>
        <line num="189" count="2" type="cond" truecount="2" falsecount="0"/>
        <line num="190" count="1" type="stmt"/>
        <line num="192" count="1" type="stmt"/>
        <line num="196" count="2" type="cond" truecount="2" falsecount="0"/>
        <line num="197" count="1" type="stmt"/>
        <line num="198" count="1" type="cond" truecount="3" falsecount="1"/>
        <line num="199" count="1" type="stmt"/>
        <line num="203" count="1" type="stmt"/>
        <line num="204" count="1" type="cond" truecount="1" falsecount="1"/>
        <line num="205" count="0" type="stmt"/>
        <line num="206" count="0" type="stmt"/>
        <line num="207" count="0" type="cond" truecount="0" falsecount="4"/>
        <line num="208" count="0" type="stmt"/>
        <line num="212" count="1" type="stmt"/>
        <line num="216" count="1" type="stmt"/>
        <line num="220" count="2" type="cond" truecount="2" falsecount="0"/>
        <line num="224" count="2" type="cond" truecount="1" falsecount="1"/>
        <line num="228" count="4" type="cond" truecount="1" falsecount="1"/>
        <line num="229" count="0" type="stmt"/>
        <line num="231" count="4" type="stmt"/>
        <line num="232" count="4" type="cond" truecount="4" falsecount="0"/>
        <line num="236" count="3" type="stmt"/>
      </file>
    </package>
    <package name="src.overview">
      <metrics statements="267" coveredstatements="224" conditionals="345" coveredconditionals="260" methods="115" coveredmethods="89"/>
      <file name="explorer.tsx" path="/home/moenarch/moritzbrantner/dirbase/ui/src/overview/explorer.tsx">
        <metrics statements="91" coveredstatements="72" conditionals="172" coveredconditionals="130" methods="61" coveredmethods="44"/>
        <line num="36" count="3" type="stmt"/>
        <line num="58" count="1" type="stmt"/>
        <line num="65" count="6" type="stmt"/>
        <line num="74" count="6" type="cond" truecount="2" falsecount="0"/>
        <line num="82" count="2" type="stmt"/>
        <line num="88" count="1" type="stmt"/>
        <line num="113" count="6" type="stmt"/>
        <line num="158" count="1" type="cond" truecount="1" falsecount="1"/>
        <line num="159" count="1" type="cond" truecount="1" falsecount="1"/>
        <line num="161" count="1" type="cond" truecount="3" falsecount="1"/>
        <line num="163" count="1" type="cond" truecount="3" falsecount="1"/>
        <line num="167" count="1" type="stmt"/>
        <line num="215" count="0" type="cond" truecount="1" falsecount="1"/>
        <line num="218" count="1" type="cond" truecount="1" falsecount="1"/>
        <line num="258" count="3" type="cond" truecount="2" falsecount="0"/>
        <line num="259" count="1" type="stmt"/>
        <line num="262" count="2" type="stmt"/>
        <line num="275" count="2" type="stmt"/>
        <line num="279" count="1" type="stmt"/>
        <line num="316" count="8" type="cond" truecount="2" falsecount="0"/>
        <line num="317" count="8" type="cond" truecount="2" falsecount="0"/>
        <line num="318" count="8" type="cond" truecount="2" falsecount="0"/>
        <line num="319" count="23" type="cond" truecount="1" falsecount="1"/>
        <line num="320" count="8" type="cond" truecount="2" falsecount="0"/>
        <line num="321" count="8" type="cond" truecount="4" falsecount="0"/>
        <line num="322" count="21" type="stmt"/>
        <line num="323" count="21" type="stmt"/>
        <line num="327" count="1" type="cond" truecount="1" falsecount="1"/>
        <line num="328" count="0" type="stmt"/>
        <line num="330" count="1" type="stmt"/>
        <line num="337" count="8" type="cond" truecount="1" falsecount="1"/>
        <line num="338" count="0" type="stmt"/>
        <line num="341" count="8" type="cond" truecount="2" falsecount="0"/>
        <line num="342" count="1" type="stmt"/>
        <line num="350" count="7" type="cond" truecount="2" falsecount="0"/>
        <line num="351" count="1" type="stmt"/>
        <line num="364" count="6" type="cond" truecount="2" falsecount="0"/>
        <line num="365" count="1" type="stmt"/>
        <line num="382" count="5" type="cond" truecount="2" falsecount="0"/>
        <line num="383" count="1" type="stmt"/>
        <line num="391" count="4" type="stmt"/>
        <line num="418" count="9" type="stmt"/>
        <line num="419" count="9" type="cond" truecount="2" falsecount="0"/>
        <line num="420" count="9" type="stmt"/>
        <line num="427" count="1" type="stmt"/>
        <line num="448" count="6" type="cond" truecount="4" falsecount="0"/>
        <line num="451" count="6" type="stmt"/>
        <line num="457" count="0" type="stmt"/>
        <line num="458" count="1" type="stmt"/>
        <line num="472" count="28" type="stmt"/>
        <line num="473" count="15" type="stmt"/>
        <line num="497" count="0" type="stmt"/>
        <line num="510" count="0" type="stmt"/>
        <line num="523" count="9" type="cond" truecount="2" falsecount="0"/>
        <line num="524" count="8" type="stmt"/>
        <line num="526" count="1" type="cond" truecount="1" falsecount="1"/>
        <line num="527" count="1" type="cond" truecount="1" falsecount="1"/>
        <line num="531" count="6" type="cond" truecount="3" falsecount="1"/>
        <line num="532" count="0" type="stmt"/>
        <line num="534" count="6" type="cond" truecount="3" falsecount="2"/>
        <line num="535" count="6" type="stmt"/>
        <line num="537" count="0" type="stmt"/>
        <line num="541" count="6" type="cond" truecount="1" falsecount="1"/>
        <line num="542" count="6" type="stmt"/>
        <line num="543" count="6" type="cond" truecount="3" falsecount="1"/>
        <line num="544" count="6" type="stmt"/>
        <line num="547" count="0" type="stmt"/>
        <line num="555" count="1" type="cond" truecount="2" falsecount="2"/>
        <line num="556" count="0" type="stmt"/>
        <line num="558" count="1" type="stmt"/>
        <line num="559" count="1" type="stmt"/>
        <line num="577" count="5" type="stmt"/>
        <line num="583" count="1" type="stmt"/>
        <line num="590" count="0" type="stmt"/>
        <line num="593" count="0" type="cond" truecount="0" falsecount="2"/>
        <line num="597" count="0" type="stmt"/>
        <line num="600" count="0" type="stmt"/>
        <line num="612" count="1" type="stmt"/>
        <line num="620" count="20" type="stmt"/>
        <line num="631" count="4" type="stmt"/>
        <line num="636" count="1" type="stmt"/>
        <line num="641" count="0" type="stmt"/>
        <line num="658" count="15" type="stmt"/>
        <line num="683" count="5" type="stmt"/>
        <line num="697" count="1" type="stmt"/>
        <line num="701" count="0" type="stmt"/>
        <line num="704" count="3" type="stmt"/>
        <line num="713" count="0" type="stmt"/>
        <line num="723" count="12" type="stmt"/>
        <line num="734" count="0" type="stmt"/>
        <line num="741" count="0" type="stmt"/>
      </file>
      <file name="inspector.tsx" path="/home/moenarch/moritzbrantner/dirbase/ui/src/overview/inspector.tsx">
        <metrics statements="57" coveredstatements="45" conditionals="119" coveredconditionals="87" methods="18" coveredmethods="11"/>
        <line num="48" count="3" type="stmt"/>
        <line num="50" count="3" type="stmt"/>
        <line num="64" count="0" type="cond" truecount="2" falsecount="0"/>
        <line num="70" count="0" type="stmt"/>
        <line num="82" count="1" type="stmt"/>
        <line num="85" count="1" type="stmt"/>
        <line num="161" count="20" type="stmt"/>
        <line num="162" count="20" type="stmt"/>
        <line num="163" count="20" type="stmt"/>
        <line num="164" count="20" type="stmt"/>
        <line num="165" count="20" type="stmt"/>
        <line num="167" count="20" type="stmt"/>
        <line num="168" count="4" type="cond" truecount="4" falsecount="1"/>
        <line num="169" count="0" type="stmt"/>
        <line num="172" count="4" type="cond" truecount="2" falsecount="0"/>
        <line num="177" count="4" type="stmt"/>
        <line num="178" count="4" type="stmt"/>
        <line num="179" count="4" type="stmt"/>
        <line num="180" count="4" type="stmt"/>
        <line num="183" count="20" type="cond" truecount="4" falsecount="1"/>
        <line num="184" count="0" type="stmt"/>
        <line num="188" count="20" type="cond" truecount="4" falsecount="4"/>
        <line num="189" count="20" type="cond" truecount="2" falsecount="0"/>
        <line num="191" count="20" type="stmt"/>
        <line num="192" count="20" type="stmt"/>
        <line num="193" count="20" type="stmt"/>
        <line num="194" count="20" type="stmt"/>
        <line num="202" count="2" type="cond" truecount="1" falsecount="1"/>
        <line num="206" count="20" type="cond" truecount="8" falsecount="1"/>
        <line num="213" count="20" type="stmt"/>
        <line num="220" count="6" type="stmt"/>
        <line num="239" count="3" type="stmt"/>
        <line num="248" count="1" type="stmt"/>
        <line num="249" count="1" type="stmt"/>
        <line num="276" count="2" type="stmt"/>
        <line num="298" count="3" type="cond" truecount="3" falsecount="1"/>
        <line num="299" count="0" type="stmt"/>
        <line num="301" count="3" type="stmt"/>
        <line num="302" count="3" type="stmt"/>
        <line num="303" count="3" type="stmt"/>
        <line num="304" count="3" type="stmt"/>
        <line num="305" count="2" type="stmt"/>
        <line num="307" count="1" type="cond" truecount="1" falsecount="1"/>
        <line num="309" count="3" type="stmt"/>
        <line num="338" count="0" type="cond" truecount="0" falsecount="4"/>
        <line num="342" count="0" type="stmt"/>
        <line num="364" count="0" type="stmt"/>
        <line num="368" count="0" type="stmt"/>
        <line num="387" count="0" type="stmt"/>
        <line num="391" count="0" type="stmt"/>
        <line num="414" count="20" type="cond" truecount="2" falsecount="0"/>
        <line num="415" count="3" type="stmt"/>
        <line num="417" count="17" type="cond" truecount="2" falsecount="0"/>
        <line num="418" count="5" type="stmt"/>
        <line num="420" count="12" type="cond" truecount="1" falsecount="1"/>
        <line num="421" count="0" type="stmt"/>
        <line num="423" count="12" type="stmt"/>
      </file>
      <file name="overviewAppUtils.ts" path="/home/moenarch/moritzbrantner/dirbase/ui/src/overview/overviewAppUtils.ts">
        <metrics statements="18" coveredstatements="10" conditionals="13" coveredconditionals="7" methods="10" coveredmethods="8"/>
        <line num="7" count="4" type="cond" truecount="2" falsecount="1"/>
        <line num="11" count="2" type="stmt"/>
        <line num="12" count="2" type="cond" truecount="1" falsecount="1"/>
        <line num="13" count="0" type="stmt"/>
        <line num="16" count="2" type="stmt"/>
        <line num="18" count="4" type="cond" truecount="2" falsecount="0"/>
        <line num="19" count="8" type="stmt"/>
        <line num="27" count="1" type="cond" truecount="1" falsecount="1"/>
        <line num="28" count="1" type="stmt"/>
        <line num="31" count="1" type="stmt"/>
        <line num="35" count="0" type="cond" truecount="0" falsecount="2"/>
        <line num="36" count="0" type="stmt"/>
        <line num="37" count="0" type="stmt"/>
        <line num="40" count="0" type="stmt"/>
        <line num="44" count="0" type="stmt"/>
        <line num="45" count="0" type="stmt"/>
        <line num="48" count="0" type="stmt"/>
        <line num="53" count="1" type="stmt"/>
      </file>
      <file name="queryClient.ts" path="/home/moenarch/moritzbrantner/dirbase/ui/src/overview/queryClient.ts">
        <metrics statements="1" coveredstatements="1" conditionals="0" coveredconditionals="0" methods="1" coveredmethods="1"/>
        <line num="4" count="2" type="stmt"/>
      </file>
      <file name="shared.tsx" path="/home/moenarch/moritzbrantner/dirbase/ui/src/overview/shared.tsx">
        <metrics statements="37" coveredstatements="36" conditionals="23" coveredconditionals="21" methods="11" coveredmethods="11"/>
        <line num="11" count="1" type="stmt"/>
        <line num="14" count="2" type="stmt"/>
        <line num="23" count="11" type="cond" truecount="2" falsecount="0"/>
        <line num="24" count="9" type="stmt"/>
        <line num="27" count="2" type="stmt"/>
        <line num="28" count="2" type="stmt"/>
        <line num="29" count="2" type="stmt"/>
        <line num="30" count="2" type="cond" truecount="2" falsecount="0"/>
        <line num="31" count="1" type="stmt"/>
        <line num="34" count="1" type="stmt"/>
        <line num="35" count="1" type="stmt"/>
        <line num="36" count="1" type="stmt"/>
        <line num="37" count="1" type="stmt"/>
        <line num="47" count="2" type="stmt"/>
        <line num="50" count="12" type="stmt"/>
        <line num="52" count="60" type="stmt"/>
        <line num="61" count="19" type="cond" truecount="4" falsecount="0"/>
        <line num="62" count="1" type="stmt"/>
        <line num="64" count="18" type="cond" truecount="5" falsecount="0"/>
        <line num="65" count="16" type="stmt"/>
        <line num="67" count="2" type="cond" truecount="2" falsecount="0"/>
        <line num="68" count="1" type="stmt"/>
        <line num="75" count="1" type="cond" truecount="1" falsecount="1"/>
        <line num="76" count="1" type="stmt"/>
        <line num="83" count="0" type="stmt"/>
        <line num="87" count="1" type="stmt"/>
        <line num="89" count="3" type="stmt"/>
        <line num="90" count="3" type="stmt"/>
        <line num="97" count="4" type="cond" truecount="4" falsecount="0"/>
        <line num="99" count="1" type="stmt"/>
        <line num="101" count="1" type="stmt"/>
        <line num="103" count="1" type="stmt"/>
        <line num="105" count="1" type="stmt"/>
        <line num="110" count="17" type="stmt"/>
        <line num="111" count="17" type="stmt"/>
        <line num="112" count="14" type="stmt"/>
        <line num="114" count="3" type="cond" truecount="1" falsecount="1"/>
      </file>
      <file name="useOverviewLiveUpdates.ts" path="/home/moenarch/moritzbrantner/dirbase/ui/src/overview/useOverviewLiveUpdates.ts">
        <metrics statements="63" coveredstatements="60" conditionals="18" coveredconditionals="15" methods="14" coveredmethods="14"/>
        <line num="15" count="11" type="stmt"/>
        <line num="16" count="11" type="stmt"/>
        <line num="18" count="11" type="stmt"/>
        <line num="19" count="3" type="stmt"/>
        <line num="21" count="11" type="stmt"/>
        <line num="22" count="1" type="stmt"/>
        <line num="25" count="11" type="stmt"/>
        <line num="26" count="4" type="stmt"/>
        <line num="27" count="4" type="stmt"/>
        <line num="28" count="4" type="stmt"/>
        <line num="29" count="4" type="stmt"/>
        <line num="30" count="4" type="stmt"/>
        <line num="31" count="4" type="stmt"/>
        <line num="34" count="1" type="stmt"/>
        <line num="35" count="1" type="stmt"/>
        <line num="39" count="3" type="stmt"/>
        <line num="40" count="3" type="cond" truecount="2" falsecount="0"/>
        <line num="41" count="1" type="stmt"/>
        <line num="42" count="1" type="stmt"/>
        <line num="45" count="3" type="stmt"/>
        <line num="46" count="3" type="cond" truecount="2" falsecount="0"/>
        <line num="47" count="2" type="stmt"/>
        <line num="48" count="2" type="stmt"/>
        <line num="53" count="13" type="stmt"/>
        <line num="54" count="78" type="stmt"/>
        <line num="55" count="13" type="stmt"/>
        <line num="57" count="13" type="cond" truecount="2" falsecount="0"/>
        <line num="58" count="2" type="stmt"/>
        <line num="59" count="2" type="stmt"/>
        <line num="62" count="11" type="cond" truecount="2" falsecount="0"/>
        <line num="63" count="9" type="stmt"/>
        <line num="65" count="2" type="stmt"/>
        <line num="69" count="4" type="cond" truecount="1" falsecount="1"/>
        <line num="70" count="0" type="stmt"/>
        <line num="73" count="4" type="stmt"/>
        <line num="74" count="4" type="stmt"/>
        <line num="76" count="4" type="stmt"/>
        <line num="77" count="3" type="stmt"/>
        <line num="78" count="3" type="stmt"/>
        <line num="79" count="3" type="stmt"/>
        <line num="80" count="3" type="stmt"/>
        <line num="81" count="3" type="stmt"/>
        <line num="82" count="3" type="cond" truecount="2" falsecount="0"/>
        <line num="83" count="1" type="stmt"/>
        <line num="87" count="4" type="stmt"/>
        <line num="88" count="4" type="stmt"/>
        <line num="89" count="4" type="stmt"/>
        <line num="90" count="4" type="stmt"/>
        <line num="91" count="4" type="cond" truecount="1" falsecount="1"/>
        <line num="92" count="0" type="stmt"/>
        <line num="95" count="4" type="stmt"/>
        <line num="96" count="4" type="cond" truecount="2" falsecount="0"/>
        <line num="97" count="1" type="stmt"/>
        <line num="98" count="1" type="stmt"/>
        <line num="101" count="3" type="stmt"/>
        <line num="105" count="4" type="stmt"/>
        <line num="106" count="4" type="stmt"/>
        <line num="107" count="4" type="stmt"/>
        <line num="108" count="4" type="stmt"/>
        <line num="109" count="4" type="cond" truecount="1" falsecount="1"/>
        <line num="110" count="0" type="stmt"/>
        <line num="115" count="11" type="stmt"/>
        <line num="118" count="1" type="stmt"/>
      </file>
    </package>
    <package name="src.overview.schema">
      <metrics statements="65" coveredstatements="50" conditionals="85" coveredconditionals="50" methods="36" coveredmethods="28"/>
      <file name="SchemaCanvas.tsx" path="/home/moenarch/moritzbrantner/dirbase/ui/src/overview/schema/SchemaCanvas.tsx">
        <metrics statements="65" coveredstatements="50" conditionals="85" coveredconditionals="50" methods="36" coveredmethods="28"/>
        <line num="43" count="1" type="stmt"/>
        <line num="70" count="25" type="stmt"/>
        <line num="71" count="4" type="stmt"/>
        <line num="74" count="25" type="stmt"/>
        <line num="75" count="4" type="stmt"/>
        <line num="78" count="25" type="stmt"/>
        <line num="79" count="4" type="stmt"/>
        <line num="80" count="4" type="stmt"/>
        <line num="81" count="3" type="cond" truecount="2" falsecount="0"/>
        <line num="83" count="4" type="stmt"/>
        <line num="85" count="25" type="stmt"/>
        <line num="86" count="25" type="stmt"/>
        <line num="87" count="25" type="stmt"/>
        <line num="89" count="10" type="stmt"/>
        <line num="94" count="25" type="stmt"/>
        <line num="95" count="25" type="stmt"/>
        <line num="97" count="25" type="stmt"/>
        <line num="98" count="4" type="stmt"/>
        <line num="99" count="4" type="stmt"/>
        <line num="103" count="25" type="stmt"/>
        <line num="104" count="10" type="stmt"/>
        <line num="105" count="11" type="stmt"/>
        <line num="106" count="18" type="stmt"/>
        <line num="116" count="2" type="stmt"/>
        <line num="117" count="2" type="cond" truecount="2" falsecount="0"/>
        <line num="118" count="1" type="stmt"/>
        <line num="126" count="25" type="stmt"/>
        <line num="127" count="14" type="stmt"/>
        <line num="128" count="22" type="stmt"/>
        <line num="133" count="14" type="stmt"/>
        <line num="136" count="25" type="stmt"/>
        <line num="138" count="20" type="cond" truecount="1" falsecount="1"/>
        <line num="146" count="20" type="stmt"/>
        <line num="169" count="25" type="cond" truecount="2" falsecount="0"/>
        <line num="171" count="25" type="stmt"/>
        <line num="180" count="4" type="stmt"/>
        <line num="183" count="0" type="cond" truecount="0" falsecount="2"/>
        <line num="184" count="0" type="stmt"/>
        <line num="187" count="0" type="stmt"/>
        <line num="188" count="1" type="stmt"/>
        <line num="190" count="0" type="stmt"/>
        <line num="191" count="0" type="cond" truecount="0" falsecount="2"/>
        <line num="192" count="0" type="stmt"/>
        <line num="193" count="0" type="stmt"/>
        <line num="195" count="0" type="stmt"/>
        <line num="207" count="50" type="stmt"/>
        <line num="208" count="50" type="stmt"/>
        <line num="210" count="50" type="stmt"/>
        <line num="211" count="9" type="stmt"/>
        <line num="214" count="50" type="stmt"/>
        <line num="217" count="1" type="stmt"/>
        <line num="227" count="2" type="stmt"/>
        <line num="228" count="2" type="stmt"/>
        <line num="247" count="62" type="stmt"/>
        <line num="248" count="62" type="stmt"/>
        <line num="264" count="1" type="stmt"/>
        <line num="265" count="1" type="stmt"/>
        <line num="324" count="18" type="stmt"/>
        <line num="354" count="0" type="cond" truecount="0" falsecount="6"/>
        <line num="355" count="0" type="stmt"/>
        <line num="358" count="0" type="stmt"/>
        <line num="359" count="0" type="stmt"/>
        <line num="360" count="0" type="stmt"/>
        <line num="361" count="0" type="stmt"/>
        <line num="363" count="0" type="stmt"/>
      </file>
    </package>
  </project>
</coverage>
