{"/home/moenarch/moritzbrantner/dirbase/ui/src/api.ts": {"path":"/home/moenarch/moritzbrantner/dirbase/ui/src/api.ts","statementMap":{"0":{"start":{"line":4,"column":19},"end":{"line":8,"column":4}},"1":{"start":{"line":9,"column":2},"end":{"line":10,"column":null}},"2":{"start":{"line":10,"column":4},"end":{"line":10,"column":null}},"3":{"start":{"line":12,"column":2},"end":{"line":12,"column":null}},"4":{"start":{"line":16,"column":19},"end":{"line":20,"column":4}},"5":{"start":{"line":21,"column":18},"end":{"line":21,"column":39}},"6":{"start":{"line":22,"column":24},"end":{"line":22,"column":null}},"7":{"start":{"line":23,"column":2},"end":{"line":25,"column":null}},"8":{"start":{"line":24,"column":4},"end":{"line":24,"column":null}},"9":{"start":{"line":28,"column":2},"end":{"line":34,"column":null}},"10":{"start":{"line":38,"column":19},"end":{"line":42,"column":4}},"11":{"start":{"line":43,"column":2},"end":{"line":44,"column":null}},"12":{"start":{"line":44,"column":4},"end":{"line":44,"column":null}},"13":{"start":{"line":46,"column":2},"end":{"line":46,"column":null}},"14":{"start":{"line":50,"column":19},"end":{"line":54,"column":4}},"15":{"start":{"line":55,"column":2},"end":{"line":56,"column":null}},"16":{"start":{"line":56,"column":4},"end":{"line":56,"column":null}},"17":{"start":{"line":58,"column":2},"end":{"line":58,"column":null}},"18":{"start":{"line":62,"column":19},"end":{"line":69,"column":4}},"19":{"start":{"line":70,"column":2},"end":{"line":72,"column":null}},"20":{"start":{"line":71,"column":20},"end":{"line":71,"column":41}},"21":{"start":{"line":72,"column":4},"end":{"line":72,"column":null}},"22":{"start":{"line":77,"column":19},"end":{"line":82,"column":4}},"23":{"start":{"line":83,"column":2},"end":{"line":85,"column":null}},"24":{"start":{"line":84,"column":20},"end":{"line":84,"column":41}},"25":{"start":{"line":85,"column":4},"end":{"line":85,"column":null}},"26":{"start":{"line":87,"column":2},"end":{"line":87,"column":null}},"27":{"start":{"line":99,"column":19},"end":{"line":106,"column":4}},"28":{"start":{"line":108,"column":18},"end":{"line":108,"column":39}},"29":{"start":{"line":109,"column":24},"end":{"line":109,"column":null}},"30":{"start":{"line":110,"column":2},"end":{"line":114,"column":null}},"31":{"start":{"line":111,"column":4},"end":{"line":114,"column":null}},"32":{"start":{"line":112,"column":6},"end":{"line":112,"column":null}},"33":{"start":{"line":114,"column":6},"end":{"line":114,"column":null}},"34":{"start":{"line":118,"column":2},"end":{"line":123,"column":null}},"35":{"start":{"line":120,"column":6},"end":{"line":122,"column":null}},"36":{"start":{"line":123,"column":4},"end":{"line":123,"column":null}},"37":{"start":{"line":126,"column":2},"end":{"line":130,"column":null}}},"fnMap":{"0":{"name":"fetchOverview","decl":{"start":{"line":3,"column":22},"end":{"line":3,"column":36}},"loc":{"start":{"line":3,"column":89},"end":{"line":12,"column":null}}},"1":{"name":"fetchResource","decl":{"start":{"line":15,"column":22},"end":{"line":15,"column":36}},"loc":{"start":{"line":15,"column":77},"end":{"line":34,"column":null}}},"2":{"name":"fetchSchema","decl":{"start":{"line":37,"column":22},"end":{"line":37,"column":61}},"loc":{"start":{"line":37,"column":61},"end":{"line":46,"column":null}}},"3":{"name":"fetchSchemaEditor","decl":{"start":{"line":49,"column":22},"end":{"line":49,"column":72}},"loc":{"start":{"line":49,"column":72},"end":{"line":58,"column":null}}},"4":{"name":"saveSchemaDocument","decl":{"start":{"line":61,"column":22},"end":{"line":61,"column":41}},"loc":{"start":{"line":61,"column":72},"end":{"line":72,"column":null}}},"5":{"name":"inferSchemaDocument","decl":{"start":{"line":76,"column":22},"end":{"line":76,"column":72}},"loc":{"start":{"line":76,"column":72},"end":{"line":87,"column":null}}},"6":{"name":"mutateResource","decl":{"start":{"line":90,"column":22},"end":{"line":90,"column":37}},"loc":{"start":{"line":98,"column":3},"end":{"line":130,"column":null}}}},"branchMap":{"0":{"loc":{"start":{"line":9,"column":2},"end":{"line":10,"column":null}},"type":"if","locations":[{"start":{"line":9,"column":2},"end":{"line":10,"column":null}},{"start":{},"end":{}}]},"1":{"loc":{"start":{"line":43,"column":2},"end":{"line":44,"column":null}},"type":"if","locations":[{"start":{"line":43,"column":2},"end":{"line":44,"column":null}},{"start":{},"end":{}}]},"2":{"loc":{"start":{"line":55,"column":2},"end":{"line":56,"column":null}},"type":"if","locations":[{"start":{"line":55,"column":2},"end":{"line":56,"column":null}},{"start":{},"end":{}}]},"3":{"loc":{"start":{"line":70,"column":2},"end":{"line":72,"column":null}},"type":"if","locations":[{"start":{"line":70,"column":2},"end":{"line":72,"column":null}},{"start":{},"end":{}}]},"4":{"loc":{"start":{"line":72,"column":20},"end":{"line":72,"column":95}},"type":"binary-expr","locations":[{"start":{"line":72,"column":20},"end":{"line":72,"column":31}},{"start":{"line":72,"column":31},"end":{"line":72,"column":95}}]},"5":{"loc":{"start":{"line":83,"column":2},"end":{"line":85,"column":null}},"type":"if","locations":[{"start":{"line":83,"column":2},"end":{"line":85,"column":null}},{"start":{},"end":{}}]},"6":{"loc":{"start":{"line":85,"column":20},"end":{"line":85,"column":96}},"type":"binary-expr","locations":[{"start":{"line":85,"column":20},"end":{"line":85,"column":31}},{"start":{"line":85,"column":31},"end":{"line":85,"column":96}}]},"7":{"loc":{"start":{"line":103,"column":10},"end":{"line":103,"column":60}},"type":"cond-expr","locations":[{"start":{"line":103,"column":17},"end":{"line":103,"column":55}},{"start":{"line":103,"column":58},"end":{"line":103,"column":60}}]},"8":{"loc":{"start":{"line":105,"column":10},"end":{"line":105,"column":null}},"type":"binary-expr","locations":[{"start":{"line":105,"column":10},"end":{"line":105,"column":18}},{"start":{"line":105,"column":18},"end":{"line":105,"column":null}}]},"9":{"loc":{"start":{"line":110,"column":2},"end":{"line":114,"column":null}},"type":"if","locations":[{"start":{"line":110,"column":2},"end":{"line":114,"column":null}},{"start":{},"end":{}}]},"10":{"loc":{"start":{"line":118,"column":2},"end":{"line":123,"column":null}},"type":"if","locations":[{"start":{"line":118,"column":2},"end":{"line":123,"column":null}},{"start":{},"end":{}}]},"11":{"loc":{"start":{"line":120,"column":6},"end":{"line":122,"column":null}},"type":"cond-expr","locations":[{"start":{"line":121,"column":10},"end":{"line":121,"column":null}},{"start":{"line":122,"column":10},"end":{"line":122,"column":null}}]},"12":{"loc":{"start":{"line":120,"column":6},"end":{"line":120,"column":49}},"type":"binary-expr","locations":[{"start":{"line":120,"column":6},"end":{"line":120,"column":36}},{"start":{"line":120,"column":36},"end":{"line":120,"column":49}}]}},"s":{"0":2,"1":2,"2":1,"3":1,"4":1,"5":1,"6":1,"7":1,"8":1,"9":1,"10":1,"11":1,"12":1,"13":0,"14":2,"15":2,"16":1,"17":1,"18":2,"19":2,"20":1,"21":1,"22":2,"23":2,"24":1,"25":1,"26":1,"27":3,"28":3,"29":3,"30":3,"31":2,"32":2,"33":1,"34":3,"35":1,"36":1,"37":2},"f":{"0":2,"1":1,"2":1,"3":2,"4":2,"5":2,"6":3},"b":{"0":[1,1],"1":[1,0],"2":[1,1],"3":[1,1],"4":[1,0],"5":[1,1],"6":[1,0],"7":[2,1],"8":[3,1],"9":[2,1],"10":[1,2],"11":[1,0],"12":[1,1]}}
,"/home/moenarch/moritzbrantner/dirbase/ui/src/helpers.ts": {"path":"/home/moenarch/moritzbrantner/dirbase/ui/src/helpers.ts","statementMap":{"0":{"start":{"line":4,"column":2},"end":{"line":4,"column":null}},"1":{"start":{"line":8,"column":2},"end":{"line":8,"column":null}},"2":{"start":{"line":12,"column":18},"end":{"line":16,"column":10}},"3":{"start":{"line":18,"column":2},"end":{"line":18,"column":null}},"4":{"start":{"line":18,"column":31},"end":{"line":18,"column":67}},"5":{"start":{"line":22,"column":2},"end":{"line":22,"column":null}},"6":{"start":{"line":26,"column":26},"end":{"line":26,"column":28}},"7":{"start":{"line":28,"column":2},"end":{"line":30,"column":null}},"8":{"start":{"line":29,"column":4},"end":{"line":30,"column":null}},"9":{"start":{"line":30,"column":6},"end":{"line":30,"column":null}},"10":{"start":{"line":33,"column":2},"end":{"line":35,"column":null}},"11":{"start":{"line":34,"column":4},"end":{"line":35,"column":null}},"12":{"start":{"line":35,"column":6},"end":{"line":35,"column":null}},"13":{"start":{"line":38,"column":2},"end":{"line":41,"column":null}},"14":{"start":{"line":39,"column":4},"end":{"line":41,"column":null}},"15":{"start":{"line":40,"column":6},"end":{"line":41,"column":null}},"16":{"start":{"line":41,"column":8},"end":{"line":41,"column":null}},"17":{"start":{"line":46,"column":21},"end":{"line":46,"column":null}},"18":{"start":{"line":47,"column":2},"end":{"line":48,"column":null}},"19":{"start":{"line":48,"column":4},"end":{"line":48,"column":null}},"20":{"start":{"line":50,"column":2},"end":{"line":50,"column":null}},"21":{"start":{"line":50,"column":48},"end":{"line":50,"column":68}},"22":{"start":{"line":54,"column":2},"end":{"line":54,"column":null}},"23":{"start":{"line":58,"column":2},"end":{"line":58,"column":null}},"24":{"start":{"line":62,"column":2},"end":{"line":63,"column":null}},"25":{"start":{"line":63,"column":4},"end":{"line":63,"column":null}},"26":{"start":{"line":65,"column":2},"end":{"line":66,"column":null}},"27":{"start":{"line":66,"column":4},"end":{"line":66,"column":null}},"28":{"start":{"line":68,"column":2},"end":{"line":69,"column":null}},"29":{"start":{"line":69,"column":4},"end":{"line":69,"column":null}},"30":{"start":{"line":71,"column":2},"end":{"line":72,"column":null}},"31":{"start":{"line":72,"column":4},"end":{"line":72,"column":null}},"32":{"start":{"line":74,"column":2},"end":{"line":76,"column":null}},"33":{"start":{"line":75,"column":17},"end":{"line":75,"column":35}},"34":{"start":{"line":76,"column":4},"end":{"line":76,"column":null}},"35":{"start":{"line":78,"column":2},"end":{"line":78,"column":null}},"36":{"start":{"line":82,"column":14},"end":{"line":82,"column":null}},"37":{"start":{"line":83,"column":2},"end":{"line":84,"column":null}},"38":{"start":{"line":84,"column":4},"end":{"line":84,"column":null}},"39":{"start":{"line":86,"column":2},"end":{"line":87,"column":null}},"40":{"start":{"line":87,"column":4},"end":{"line":87,"column":null}},"41":{"start":{"line":89,"column":2},"end":{"line":92,"column":null}},"42":{"start":{"line":90,"column":19},"end":{"line":90,"column":null}},"43":{"start":{"line":91,"column":4},"end":{"line":92,"column":null}},"44":{"start":{"line":92,"column":6},"end":{"line":92,"column":null}},"45":{"start":{"line":95,"column":2},"end":{"line":95,"column":null}},"46":{"start":{"line":102,"column":14},"end":{"line":102,"column":null}},"47":{"start":{"line":103,"column":2},"end":{"line":104,"column":null}},"48":{"start":{"line":104,"column":4},"end":{"line":104,"column":null}},"49":{"start":{"line":106,"column":2},"end":{"line":107,"column":null}},"50":{"start":{"line":107,"column":4},"end":{"line":107,"column":null}},"51":{"start":{"line":109,"column":2},"end":{"line":109,"column":null}}},"fnMap":{"0":{"name":"isRecord","decl":{"start":{"line":3,"column":16},"end":{"line":3,"column":25}},"loc":{"start":{"line":3,"column":75},"end":{"line":4,"column":null}}},"1":{"name":"isPaginatedResponse","decl":{"start":{"line":7,"column":16},"end":{"line":7,"column":36}},"loc":{"start":{"line":7,"column":80},"end":{"line":8,"column":null}}},"2":{"name":"getTableRows","decl":{"start":{"line":11,"column":16},"end":{"line":11,"column":29}},"loc":{"start":{"line":11,"column":72},"end":{"line":18,"column":null}}},"3":{"name":"(anonymous_3)","decl":{"start":{"line":18,"column":17},"end":{"line":18,"column":22}},"loc":{"start":{"line":18,"column":31},"end":{"line":18,"column":67}}},"4":{"name":"shouldUseTableView","decl":{"start":{"line":21,"column":16},"end":{"line":21,"column":35}},"loc":{"start":{"line":21,"column":97},"end":{"line":22,"column":null}}},"5":{"name":"getColumnNames","decl":{"start":{"line":25,"column":16},"end":{"line":25,"column":31}},"loc":{"start":{"line":25,"column":102},"end":{"line":50,"column":null}}},"6":{"name":"(anonymous_6)","decl":{"start":{"line":50,"column":31},"end":{"line":50,"column":39}},"loc":{"start":{"line":50,"column":48},"end":{"line":50,"column":68}}},"7":{"name":"formatJson","decl":{"start":{"line":53,"column":16},"end":{"line":53,"column":27}},"loc":{"start":{"line":53,"column":51},"end":{"line":54,"column":null}}},"8":{"name":"truncate","decl":{"start":{"line":57,"column":16},"end":{"line":57,"column":25}},"loc":{"start":{"line":57,"column":64},"end":{"line":58,"column":null}}},"9":{"name":"summarizeValue","decl":{"start":{"line":61,"column":16},"end":{"line":61,"column":31}},"loc":{"start":{"line":61,"column":55},"end":{"line":78,"column":null}}},"10":{"name":"coerceRelationValue","decl":{"start":{"line":81,"column":16},"end":{"line":81,"column":36}},"loc":{"start":{"line":81,"column":109},"end":{"line":95,"column":null}}},"11":{"name":"coerceIncomingRelationValue","decl":{"start":{"line":98,"column":16},"end":{"line":98,"column":null}},"loc":{"start":{"line":101,"column":17},"end":{"line":109,"column":null}}}},"branchMap":{"0":{"loc":{"start":{"line":4,"column":9},"end":{"line":4,"column":77}},"type":"binary-expr","locations":[{"start":{"line":4,"column":9},"end":{"line":4,"column":38}},{"start":{"line":4,"column":38},"end":{"line":4,"column":56}},{"start":{"line":4,"column":56},"end":{"line":4,"column":77}}]},"1":{"loc":{"start":{"line":8,"column":9},"end":{"line":8,"column":null}},"type":"binary-expr","locations":[{"start":{"line":8,"column":9},"end":{"line":8,"column":24}},{"start":{"line":8,"column":28},"end":{"line":8,"column":53}},{"start":{"line":8,"column":57},"end":{"line":8,"column":null}}]},"2":{"loc":{"start":{"line":12,"column":18},"end":{"line":16,"column":10}},"type":"cond-expr","locations":[{"start":{"line":13,"column":6},"end":{"line":13,"column":null}},{"start":{"line":14,"column":6},"end":{"line":16,"column":10}}]},"3":{"loc":{"start":{"line":14,"column":6},"end":{"line":16,"column":10}},"type":"cond-expr","locations":[{"start":{"line":15,"column":8},"end":{"line":15,"column":null}},{"start":{"line":16,"column":8},"end":{"line":16,"column":10}}]},"4":{"loc":{"start":{"line":18,"column":31},"end":{"line":18,"column":67}},"type":"cond-expr","locations":[{"start":{"line":18,"column":47},"end":{"line":18,"column":53}},{"start":{"line":18,"column":53},"end":{"line":18,"column":67}}]},"5":{"loc":{"start":{"line":22,"column":17},"end":{"line":22,"column":67}},"type":"binary-expr","locations":[{"start":{"line":22,"column":17},"end":{"line":22,"column":29}},{"start":{"line":22,"column":29},"end":{"line":22,"column":58}},{"start":{"line":22,"column":58},"end":{"line":22,"column":67}}]},"6":{"loc":{"start":{"line":29,"column":4},"end":{"line":30,"column":null}},"type":"if","locations":[{"start":{"line":29,"column":4},"end":{"line":30,"column":null}},{"start":{},"end":{}}]},"7":{"loc":{"start":{"line":34,"column":4},"end":{"line":35,"column":null}},"type":"if","locations":[{"start":{"line":34,"column":4},"end":{"line":35,"column":null}},{"start":{},"end":{}}]},"8":{"loc":{"start":{"line":40,"column":6},"end":{"line":41,"column":null}},"type":"if","locations":[{"start":{"line":40,"column":6},"end":{"line":41,"column":null}},{"start":{},"end":{}}]},"9":{"loc":{"start":{"line":47,"column":2},"end":{"line":48,"column":null}},"type":"if","locations":[{"start":{"line":47,"column":2},"end":{"line":48,"column":null}},{"start":{},"end":{}}]},"10":{"loc":{"start":{"line":47,"column":6},"end":{"line":47,"column":48}},"type":"binary-expr","locations":[{"start":{"line":47,"column":6},"end":{"line":47,"column":21}},{"start":{"line":47,"column":21},"end":{"line":47,"column":48}}]},"11":{"loc":{"start":{"line":57,"column":40},"end":{"line":57,"column":64}},"type":"default-arg","locations":[{"start":{"line":57,"column":52},"end":{"line":57,"column":64}}]},"12":{"loc":{"start":{"line":58,"column":9},"end":{"line":58,"column":null}},"type":"cond-expr","locations":[{"start":{"line":58,"column":37},"end":{"line":58,"column":45}},{"start":{"line":58,"column":45},"end":{"line":58,"column":null}}]},"13":{"loc":{"start":{"line":62,"column":2},"end":{"line":63,"column":null}},"type":"if","locations":[{"start":{"line":62,"column":2},"end":{"line":63,"column":null}},{"start":{},"end":{}}]},"14":{"loc":{"start":{"line":65,"column":2},"end":{"line":66,"column":null}},"type":"if","locations":[{"start":{"line":65,"column":2},"end":{"line":66,"column":null}},{"start":{},"end":{}}]},"15":{"loc":{"start":{"line":68,"column":2},"end":{"line":69,"column":null}},"type":"if","locations":[{"start":{"line":68,"column":2},"end":{"line":69,"column":null}},{"start":{},"end":{}}]},"16":{"loc":{"start":{"line":68,"column":6},"end":{"line":68,"column":63}},"type":"binary-expr","locations":[{"start":{"line":68,"column":6},"end":{"line":68,"column":35}},{"start":{"line":68,"column":35},"end":{"line":68,"column":63}}]},"17":{"loc":{"start":{"line":71,"column":2},"end":{"line":72,"column":null}},"type":"if","locations":[{"start":{"line":71,"column":2},"end":{"line":72,"column":null}},{"start":{},"end":{}}]},"18":{"loc":{"start":{"line":74,"column":2},"end":{"line":76,"column":null}},"type":"if","locations":[{"start":{"line":74,"column":2},"end":{"line":76,"column":null}},{"start":{},"end":{}}]},"19":{"loc":{"start":{"line":76,"column":46},"end":{"line":76,"column":77}},"type":"cond-expr","locations":[{"start":{"line":76,"column":64},"end":{"line":76,"column":74}},{"start":{"line":76,"column":74},"end":{"line":76,"column":77}}]},"20":{"loc":{"start":{"line":83,"column":2},"end":{"line":84,"column":null}},"type":"if","locations":[{"start":{"line":83,"column":2},"end":{"line":84,"column":null}},{"start":{},"end":{}}]},"21":{"loc":{"start":{"line":83,"column":6},"end":{"line":83,"column":41}},"type":"binary-expr","locations":[{"start":{"line":83,"column":6},"end":{"line":83,"column":22}},{"start":{"line":83,"column":22},"end":{"line":83,"column":41}}]},"22":{"loc":{"start":{"line":86,"column":2},"end":{"line":87,"column":null}},"type":"if","locations":[{"start":{"line":86,"column":2},"end":{"line":87,"column":null}},{"start":{},"end":{}}]},"23":{"loc":{"start":{"line":86,"column":6},"end":{"line":86,"column":86}},"type":"binary-expr","locations":[{"start":{"line":86,"column":6},"end":{"line":86,"column":33}},{"start":{"line":86,"column":33},"end":{"line":86,"column":60}},{"start":{"line":86,"column":60},"end":{"line":86,"column":86}}]},"24":{"loc":{"start":{"line":89,"column":2},"end":{"line":92,"column":null}},"type":"if","locations":[{"start":{"line":89,"column":2},"end":{"line":92,"column":null}},{"start":{},"end":{}}]},"25":{"loc":{"start":{"line":91,"column":4},"end":{"line":92,"column":null}},"type":"if","locations":[{"start":{"line":91,"column":4},"end":{"line":92,"column":null}},{"start":{},"end":{}}]},"26":{"loc":{"start":{"line":91,"column":8},"end":{"line":91,"column":97}},"type":"binary-expr","locations":[{"start":{"line":91,"column":8},"end":{"line":91,"column":38}},{"start":{"line":91,"column":38},"end":{"line":91,"column":68}},{"start":{"line":91,"column":68},"end":{"line":91,"column":97}}]},"27":{"loc":{"start":{"line":103,"column":2},"end":{"line":104,"column":null}},"type":"if","locations":[{"start":{"line":103,"column":2},"end":{"line":104,"column":null}},{"start":{},"end":{}}]},"28":{"loc":{"start":{"line":103,"column":6},"end":{"line":103,"column":41}},"type":"binary-expr","locations":[{"start":{"line":103,"column":6},"end":{"line":103,"column":22}},{"start":{"line":103,"column":22},"end":{"line":103,"column":41}}]},"29":{"loc":{"start":{"line":106,"column":2},"end":{"line":107,"column":null}},"type":"if","locations":[{"start":{"line":106,"column":2},"end":{"line":107,"column":null}},{"start":{},"end":{}}]},"30":{"loc":{"start":{"line":106,"column":6},"end":{"line":106,"column":86}},"type":"binary-expr","locations":[{"start":{"line":106,"column":6},"end":{"line":106,"column":33}},{"start":{"line":106,"column":33},"end":{"line":106,"column":60}},{"start":{"line":106,"column":60},"end":{"line":106,"column":86}}]}},"s":{"0":2477,"1":23,"2":10,"3":10,"4":10,"5":3,"6":8,"7":8,"8":22,"9":22,"10":8,"11":23,"12":2,"13":8,"14":8,"15":23,"16":1,"17":8,"18":8,"19":0,"20":8,"21":25,"22":9,"23":1,"24":8,"25":1,"26":7,"27":1,"28":6,"29":2,"30":4,"31":1,"32":3,"33":3,"34":3,"35":0,"36":3,"37":3,"38":0,"39":3,"40":1,"41":2,"42":2,"43":2,"44":1,"45":1,"46":2,"47":2,"48":0,"49":2,"50":1,"51":1},"f":{"0":2477,"1":23,"2":10,"3":10,"4":3,"5":8,"6":25,"7":9,"8":1,"9":8,"10":3,"11":2},"b":{"0":[2477,2168,2168],"1":[23,7,6],"2":[2,8],"3":[5,3],"4":[9,1],"5":[3,3,2],"6":[22,0],"7":[2,21],"8":[1,22],"9":[0,8],"10":[8,8],"11":[0],"12":[1,0],"13":[1,7],"14":[1,6],"15":[2,4],"16":[6,5],"17":[1,3],"18":[3,0],"19":[1,2],"20":[0,3],"21":[3,3],"22":[1,2],"23":[3,3,2],"24":[2,0],"25":[1,1],"26":[2,2,1],"27":[0,2],"28":[2,2],"29":[1,1],"30":[2,1,1]}}
,"/home/moenarch/moritzbrantner/dirbase/ui/src/overviewUtils.ts": {"path":"/home/moenarch/moritzbrantner/dirbase/ui/src/overviewUtils.ts","statementMap":{"0":{"start":{"line":12,"column":70},"end":{"line":25,"column":null}},"1":{"start":{"line":27,"column":56},"end":{"line":32,"column":null}},"2":{"start":{"line":43,"column":2},"end":{"line":68,"column":null}},"3":{"start":{"line":44,"column":32},"end":{"line":53,"column":7}},"4":{"start":{"line":54,"column":30},"end":{"line":60,"column":7}},"5":{"start":{"line":61,"column":30},"end":{"line":67,"column":7}},"6":{"start":{"line":76,"column":19},"end":{"line":76,"column":56}},"7":{"start":{"line":77,"column":2},"end":{"line":96,"column":null}},"8":{"start":{"line":112,"column":2},"end":{"line":120,"column":null}},"9":{"start":{"line":113,"column":21},"end":{"line":113,"column":59}},"10":{"start":{"line":114,"column":4},"end":{"line":120,"column":null}},"11":{"start":{"line":123,"column":22},"end":{"line":123,"column":80}},"12":{"start":{"line":125,"column":2},"end":{"line":132,"column":null}},"13":{"start":{"line":126,"column":4},"end":{"line":132,"column":null}},"14":{"start":{"line":135,"column":2},"end":{"line":152,"column":null}},"15":{"start":{"line":136,"column":4},"end":{"line":143,"column":null}},"16":{"start":{"line":137,"column":6},"end":{"line":143,"column":null}},"17":{"start":{"line":145,"column":18},"end":{"line":145,"column":63}},"18":{"start":{"line":146,"column":4},"end":{"line":152,"column":null}},"19":{"start":{"line":155,"column":19},"end":{"line":155,"column":57}},"20":{"start":{"line":156,"column":2},"end":{"line":163,"column":null}},"21":{"start":{"line":157,"column":4},"end":{"line":163,"column":null}},"22":{"start":{"line":166,"column":16},"end":{"line":166,"column":61}},"23":{"start":{"line":167,"column":2},"end":{"line":173,"column":null}},"24":{"start":{"line":177,"column":2},"end":{"line":178,"column":null}},"25":{"start":{"line":178,"column":4},"end":{"line":178,"column":null}},"26":{"start":{"line":181,"column":25},"end":{"line":181,"column":74}},"27":{"start":{"line":182,"column":41},"end":{"line":182,"column":43}},"28":{"start":{"line":184,"column":2},"end":{"line":186,"column":null}},"29":{"start":{"line":185,"column":4},"end":{"line":186,"column":null}},"30":{"start":{"line":186,"column":6},"end":{"line":186,"column":null}},"31":{"start":{"line":190,"column":2},"end":{"line":190,"column":null}},"32":{"start":{"line":194,"column":2},"end":{"line":195,"column":null}},"33":{"start":{"line":195,"column":4},"end":{"line":195,"column":null}},"34":{"start":{"line":198,"column":25},"end":{"line":198,"column":74}},"35":{"start":{"line":199,"column":15},"end":{"line":199,"column":83}},"36":{"start":{"line":200,"column":2},"end":{"line":200,"column":null}},"37":{"start":{"line":200,"column":35},"end":{"line":200,"column":82}},"38":{"start":{"line":204,"column":2},"end":{"line":218,"column":null}},"39":{"start":{"line":205,"column":16},"end":{"line":205,"column":55}},"40":{"start":{"line":206,"column":4},"end":{"line":207,"column":null}},"41":{"start":{"line":207,"column":6},"end":{"line":207,"column":null}},"42":{"start":{"line":209,"column":19},"end":{"line":209,"column":34}},"43":{"start":{"line":210,"column":4},"end":{"line":216,"column":null}},"44":{"start":{"line":218,"column":4},"end":{"line":218,"column":null}},"45":{"start":{"line":226,"column":2},"end":{"line":226,"column":null}},"46":{"start":{"line":230,"column":2},"end":{"line":236,"column":null}},"47":{"start":{"line":240,"column":2},"end":{"line":250,"column":null}},"48":{"start":{"line":241,"column":20},"end":{"line":241,"column":43}},"49":{"start":{"line":242,"column":17},"end":{"line":242,"column":37}},"50":{"start":{"line":243,"column":26},"end":{"line":243,"column":55}},"51":{"start":{"line":244,"column":23},"end":{"line":244,"column":49}},"52":{"start":{"line":245,"column":16},"end":{"line":245,"column":84}},"53":{"start":{"line":246,"column":4},"end":{"line":248,"column":null}},"54":{"start":{"line":247,"column":23},"end":{"line":247,"column":62}},"55":{"start":{"line":248,"column":20},"end":{"line":248,"column":51}},"56":{"start":{"line":250,"column":4},"end":{"line":250,"column":null}},"57":{"start":{"line":255,"column":2},"end":{"line":256,"column":null}},"58":{"start":{"line":256,"column":4},"end":{"line":256,"column":null}},"59":{"start":{"line":259,"column":42},"end":{"line":259,"column":44}},"60":{"start":{"line":260,"column":2},"end":{"line":261,"column":null}},"61":{"start":{"line":261,"column":4},"end":{"line":261,"column":null}},"62":{"start":{"line":263,"column":2},"end":{"line":263,"column":null}},"63":{"start":{"line":267,"column":2},"end":{"line":268,"column":null}},"64":{"start":{"line":268,"column":4},"end":{"line":268,"column":null}},"65":{"start":{"line":270,"column":16},"end":{"line":270,"column":null}},"66":{"start":{"line":271,"column":2},"end":{"line":272,"column":null}},"67":{"start":{"line":272,"column":4},"end":{"line":272,"column":null}},"68":{"start":{"line":274,"column":2},"end":{"line":274,"column":null}},"69":{"start":{"line":278,"column":2},"end":{"line":278,"column":null}}},"fnMap":{"0":{"name":"buildQuerySummaryChips","decl":{"start":{"line":34,"column":16},"end":{"line":34,"column":39}},"loc":{"start":{"line":42,"column":23},"end":{"line":68,"column":null}}},"1":{"name":"(anonymous_1)","decl":{"start":{"line":44,"column":15},"end":{"line":44,"column":20}},"loc":{"start":{"line":44,"column":32},"end":{"line":53,"column":7}}},"2":{"name":"(anonymous_2)","decl":{"start":{"line":54,"column":15},"end":{"line":54,"column":20}},"loc":{"start":{"line":54,"column":30},"end":{"line":60,"column":7}}},"3":{"name":"(anonymous_3)","decl":{"start":{"line":61,"column":14},"end":{"line":61,"column":19}},"loc":{"start":{"line":61,"column":30},"end":{"line":67,"column":7}}},"4":{"name":"getVisibleMutationActions","decl":{"start":{"line":71,"column":16},"end":{"line":71,"column":null}},"loc":{"start":{"line":75,"column":2},"end":{"line":96,"column":null}}},"5":{"name":"buildMutationPlan","decl":{"start":{"line":99,"column":16},"end":{"line":99,"column":34}},"loc":{"start":{"line":111,"column":17},"end":{"line":173,"column":null}}},"6":{"name":"buildPatchPayload","decl":{"start":{"line":176,"column":16},"end":{"line":176,"column":34}},"loc":{"start":{"line":176,"column":103},"end":{"line":190,"column":null}}},"7":{"name":"collectChangedKeys","decl":{"start":{"line":193,"column":16},"end":{"line":193,"column":35}},"loc":{"start":{"line":193,"column":89},"end":{"line":200,"column":null}}},"8":{"name":"(anonymous_8)","decl":{"start":{"line":200,"column":19},"end":{"line":200,"column":27}},"loc":{"start":{"line":200,"column":35},"end":{"line":200,"column":82}}},"9":{"name":"loadOverviewPreferences","decl":{"start":{"line":203,"column":16},"end":{"line":203,"column":40}},"loc":{"start":{"line":203,"column":106},"end":{"line":218,"column":null}}},"10":{"name":"saveOverviewPreferences","decl":{"start":{"line":222,"column":16},"end":{"line":222,"column":null}},"loc":{"start":{"line":225,"column":2},"end":{"line":226,"column":null}}},"11":{"name":"createUiState","decl":{"start":{"line":229,"column":16},"end":{"line":229,"column":30}},"loc":{"start":{"line":229,"column":99},"end":{"line":236,"column":null}}},"12":{"name":"summarizeSchemaDiff","decl":{"start":{"line":239,"column":16},"end":{"line":239,"column":36}},"loc":{"start":{"line":239,"column":85},"end":{"line":250,"column":null}}},"13":{"name":"(anonymous_13)","decl":{"start":{"line":247,"column":7},"end":{"line":247,"column":15}},"loc":{"start":{"line":247,"column":23},"end":{"line":247,"column":62}}},"14":{"name":"(anonymous_14)","decl":{"start":{"line":248,"column":7},"end":{"line":248,"column":12}},"loc":{"start":{"line":248,"column":20},"end":{"line":248,"column":51}}},"15":{"name":"getNestedKeys","decl":{"start":{"line":254,"column":9},"end":{"line":254,"column":23}},"loc":{"start":{"line":254,"column":63},"end":{"line":263,"column":null}}},"16":{"name":"buildItemPath","decl":{"start":{"line":266,"column":9},"end":{"line":266,"column":23}},"loc":{"start":{"line":266,"column":75},"end":{"line":274,"column":null}}},"17":{"name":"isPlainRecord","decl":{"start":{"line":277,"column":9},"end":{"line":277,"column":23}},"loc":{"start":{"line":277,"column":73},"end":{"line":278,"column":null}}}},"branchMap":{"0":{"loc":{"start":{"line":49,"column":8},"end":{"line":51,"column":null}},"type":"cond-expr","locations":[{"start":{"line":50,"column":12},"end":{"line":50,"column":null}},{"start":{"line":51,"column":12},"end":{"line":51,"column":null}}]},"1":{"loc":{"start":{"line":49,"column":8},"end":{"line":49,"column":null}},"type":"binary-expr","locations":[{"start":{"line":49,"column":8},"end":{"line":49,"column":40}},{"start":{"line":49,"column":40},"end":{"line":49,"column":null}}]},"2":{"loc":{"start":{"line":58,"column":13},"end":{"line":58,"column":null}},"type":"cond-expr","locations":[{"start":{"line":58,"column":25},"end":{"line":58,"column":40}},{"start":{"line":58,"column":40},"end":{"line":58,"column":null}}]},"3":{"loc":{"start":{"line":78,"column":23},"end":{"line":78,"column":108}},"type":"binary-expr","locations":[{"start":{"line":78,"column":23},"end":{"line":78,"column":35}},{"start":{"line":78,"column":35},"end":{"line":78,"column":65}},{"start":{"line":78,"column":65},"end":{"line":78,"column":108}}]},"4":{"loc":{"start":{"line":80,"column":6},"end":{"line":83,"column":null}},"type":"binary-expr","locations":[{"start":{"line":80,"column":6},"end":{"line":80,"column":null}},{"start":{"line":81,"column":8},"end":{"line":81,"column":null}},{"start":{"line":82,"column":8},"end":{"line":82,"column":null}},{"start":{"line":83,"column":8},"end":{"line":83,"column":null}}]},"5":{"loc":{"start":{"line":86,"column":6},"end":{"line":89,"column":null}},"type":"binary-expr","locations":[{"start":{"line":86,"column":6},"end":{"line":86,"column":null}},{"start":{"line":87,"column":8},"end":{"line":87,"column":null}},{"start":{"line":88,"column":8},"end":{"line":88,"column":null}},{"start":{"line":89,"column":8},"end":{"line":89,"column":null}}]},"6":{"loc":{"start":{"line":92,"column":6},"end":{"line":94,"column":null}},"type":"binary-expr","locations":[{"start":{"line":92,"column":6},"end":{"line":92,"column":null}},{"start":{"line":93,"column":8},"end":{"line":93,"column":null}},{"start":{"line":94,"column":9},"end":{"line":94,"column":56}},{"start":{"line":94,"column":56},"end":{"line":94,"column":null}}]},"7":{"loc":{"start":{"line":112,"column":2},"end":{"line":120,"column":null}},"type":"if","locations":[{"start":{"line":112,"column":2},"end":{"line":120,"column":null}},{"start":{},"end":{}}]},"8":{"loc":{"start":{"line":123,"column":22},"end":{"line":123,"column":80}},"type":"cond-expr","locations":[{"start":{"line":123,"column":42},"end":{"line":123,"column":63}},{"start":{"line":123,"column":78},"end":{"line":123,"column":80}}]},"9":{"loc":{"start":{"line":125,"column":2},"end":{"line":132,"column":null}},"type":"if","locations":[{"start":{"line":125,"column":2},"end":{"line":132,"column":null}},{"start":{},"end":{}}]},"10":{"loc":{"start":{"line":130,"column":19},"end":{"line":130,"column":107}},"type":"cond-expr","locations":[{"start":{"line":130,"column":68},"end":{"line":130,"column":102}},{"start":{"line":130,"column":105},"end":{"line":130,"column":107}}]},"11":{"loc":{"start":{"line":130,"column":19},"end":{"line":130,"column":68}},"type":"binary-expr","locations":[{"start":{"line":130,"column":19},"end":{"line":130,"column":34}},{"start":{"line":130,"column":34},"end":{"line":130,"column":68}}]},"12":{"loc":{"start":{"line":135,"column":2},"end":{"line":152,"column":null}},"type":"if","locations":[{"start":{"line":135,"column":2},"end":{"line":152,"column":null}},{"start":{},"end":{}}]},"13":{"loc":{"start":{"line":136,"column":4},"end":{"line":143,"column":null}},"type":"if","locations":[{"start":{"line":136,"column":4},"end":{"line":143,"column":null}},{"start":{},"end":{}}]},"14":{"loc":{"start":{"line":156,"column":2},"end":{"line":163,"column":null}},"type":"if","locations":[{"start":{"line":156,"column":2},"end":{"line":163,"column":null}},{"start":{},"end":{}}]},"15":{"loc":{"start":{"line":177,"column":2},"end":{"line":178,"column":null}},"type":"if","locations":[{"start":{"line":177,"column":2},"end":{"line":178,"column":null}},{"start":{},"end":{}}]},"16":{"loc":{"start":{"line":181,"column":25},"end":{"line":181,"column":74}},"type":"cond-expr","locations":[{"start":{"line":181,"column":56},"end":{"line":181,"column":72}},{"start":{"line":181,"column":72},"end":{"line":181,"column":74}}]},"17":{"loc":{"start":{"line":185,"column":4},"end":{"line":186,"column":null}},"type":"if","locations":[{"start":{"line":185,"column":4},"end":{"line":186,"column":null}},{"start":{},"end":{}}]},"18":{"loc":{"start":{"line":194,"column":2},"end":{"line":195,"column":null}},"type":"if","locations":[{"start":{"line":194,"column":2},"end":{"line":195,"column":null}},{"start":{},"end":{}}]},"19":{"loc":{"start":{"line":198,"column":25},"end":{"line":198,"column":74}},"type":"cond-expr","locations":[{"start":{"line":198,"column":56},"end":{"line":198,"column":72}},{"start":{"line":198,"column":72},"end":{"line":198,"column":74}}]},"20":{"loc":{"start":{"line":206,"column":4},"end":{"line":207,"column":null}},"type":"if","locations":[{"start":{"line":206,"column":4},"end":{"line":207,"column":null}},{"start":{},"end":{}}]},"21":{"loc":{"start":{"line":211,"column":24},"end":{"line":211,"column":53}},"type":"binary-expr","locations":[{"start":{"line":211,"column":24},"end":{"line":211,"column":51}},{"start":{"line":211,"column":51},"end":{"line":211,"column":53}}]},"22":{"loc":{"start":{"line":213,"column":8},"end":{"line":213,"column":null}},"type":"cond-expr","locations":[{"start":{"line":213,"column":50},"end":{"line":213,"column":64}},{"start":{"line":213,"column":64},"end":{"line":213,"column":null}}]},"23":{"loc":{"start":{"line":214,"column":21},"end":{"line":214,"column":null}},"type":"binary-expr","locations":[{"start":{"line":214,"column":21},"end":{"line":214,"column":45}},{"start":{"line":214,"column":45},"end":{"line":214,"column":null}}]},"24":{"loc":{"start":{"line":215,"column":27},"end":{"line":215,"column":null}},"type":"binary-expr","locations":[{"start":{"line":215,"column":27},"end":{"line":215,"column":57}},{"start":{"line":215,"column":57},"end":{"line":215,"column":null}}]},"25":{"loc":{"start":{"line":255,"column":2},"end":{"line":256,"column":null}},"type":"if","locations":[{"start":{"line":255,"column":2},"end":{"line":256,"column":null}},{"start":{},"end":{}}]},"26":{"loc":{"start":{"line":267,"column":2},"end":{"line":268,"column":null}},"type":"if","locations":[{"start":{"line":267,"column":2},"end":{"line":268,"column":null}},{"start":{},"end":{}}]},"27":{"loc":{"start":{"line":267,"column":6},"end":{"line":267,"column":62}},"type":"binary-expr","locations":[{"start":{"line":267,"column":6},"end":{"line":267,"column":35}},{"start":{"line":267,"column":39},"end":{"line":267,"column":62}}]},"28":{"loc":{"start":{"line":271,"column":2},"end":{"line":272,"column":null}},"type":"if","locations":[{"start":{"line":271,"column":2},"end":{"line":272,"column":null}},{"start":{},"end":{}}]},"29":{"loc":{"start":{"line":271,"column":6},"end":{"line":271,"column":45}},"type":"binary-expr","locations":[{"start":{"line":271,"column":6},"end":{"line":271,"column":24}},{"start":{"line":271,"column":24},"end":{"line":271,"column":45}}]},"30":{"loc":{"start":{"line":278,"column":9},"end":{"line":278,"column":77}},"type":"binary-expr","locations":[{"start":{"line":278,"column":9},"end":{"line":278,"column":38}},{"start":{"line":278,"column":38},"end":{"line":278,"column":56}},{"start":{"line":278,"column":56},"end":{"line":278,"column":77}}]}},"s":{"0":4,"1":4,"2":1,"3":1,"4":1,"5":1,"6":2,"7":2,"8":22,"9":5,"10":5,"11":17,"12":15,"13":1,"14":14,"15":1,"16":1,"17":0,"18":0,"19":13,"20":13,"21":4,"22":9,"23":9,"24":11,"25":1,"26":10,"27":10,"28":10,"29":19,"30":8,"31":10,"32":7,"33":0,"34":7,"35":7,"36":7,"37":15,"38":1,"39":1,"40":1,"41":0,"42":1,"43":1,"44":0,"45":0,"46":1,"47":2,"48":2,"49":1,"50":1,"51":1,"52":1,"53":1,"54":2,"55":2,"56":1,"57":2,"58":0,"59":2,"60":2,"61":3,"62":2,"63":18,"64":0,"65":18,"66":18,"67":0,"68":18,"69":55},"f":{"0":1,"1":1,"2":1,"3":1,"4":2,"5":22,"6":11,"7":7,"8":15,"9":1,"10":0,"11":1,"12":2,"13":2,"14":2,"15":2,"16":18,"17":55},"b":{"0":[0,1],"1":[1,1],"2":[1,0],"3":[2,1,0],"4":[2,1,0,0],"5":[2,1,0,0],"6":[2,1,1,0],"7":[5,17],"8":[17,0],"9":[1,14],"10":[1,0],"11":[1,1],"12":[1,13],"13":[1,0],"14":[4,9],"15":[1,10],"16":[10,0],"17":[8,11],"18":[0,7],"19":[7,0],"20":[0,1],"21":[1,0],"22":[1,0],"23":[1,0],"24":[1,1],"25":[0,2],"26":[0,18],"27":[18,18],"28":[0,18],"29":[18,18],"30":[55,55,55]}}
,"/home/moenarch/moritzbrantner/dirbase/ui/src/schemaEditor.ts": {"path":"/home/moenarch/moritzbrantner/dirbase/ui/src/schemaEditor.ts","statementMap":{"0":{"start":{"line":6,"column":29},"end":{"line":6,"column":null}},"1":{"start":{"line":7,"column":29},"end":{"line":7,"column":null}},"2":{"start":{"line":17,"column":2},"end":{"line":17,"column":null}},"3":{"start":{"line":21,"column":23},"end":{"line":21,"column":87}},"4":{"start":{"line":22,"column":23},"end":{"line":22,"column":87}},"5":{"start":{"line":24,"column":2},"end":{"line":25,"column":null}},"6":{"start":{"line":25,"column":4},"end":{"line":25,"column":null}},"7":{"start":{"line":28,"column":2},"end":{"line":33,"column":null}},"8":{"start":{"line":37,"column":2},"end":{"line":41,"column":null}},"9":{"start":{"line":38,"column":4},"end":{"line":41,"column":null}},"10":{"start":{"line":44,"column":2},"end":{"line":60,"column":null}},"11":{"start":{"line":45,"column":19},"end":{"line":45,"column":36}},"12":{"start":{"line":46,"column":4},"end":{"line":50,"column":null}},"13":{"start":{"line":47,"column":6},"end":{"line":50,"column":null}},"14":{"start":{"line":52,"column":4},"end":{"line":55,"column":null}},"15":{"start":{"line":57,"column":4},"end":{"line":60,"column":null}},"16":{"start":{"line":65,"column":17},"end":{"line":65,"column":43}},"17":{"start":{"line":66,"column":22},"end":{"line":66,"column":64}},"18":{"start":{"line":67,"column":22},"end":{"line":67,"column":64}},"19":{"start":{"line":69,"column":2},"end":{"line":72,"column":null}},"20":{"start":{"line":74,"column":2},"end":{"line":77,"column":null}},"21":{"start":{"line":79,"column":2},"end":{"line":82,"column":null}},"22":{"start":{"line":86,"column":24},"end":{"line":86,"column":75}},"23":{"start":{"line":86,"column":60},"end":{"line":86,"column":74}},"24":{"start":{"line":87,"column":16},"end":{"line":87,"column":47}},"25":{"start":{"line":89,"column":2},"end":{"line":106,"column":null}},"26":{"start":{"line":90,"column":4},"end":{"line":91,"column":null}},"27":{"start":{"line":91,"column":6},"end":{"line":91,"column":null}},"28":{"start":{"line":94,"column":18},"end":{"line":94,"column":40}},"29":{"start":{"line":95,"column":4},"end":{"line":106,"column":null}},"30":{"start":{"line":96,"column":6},"end":{"line":97,"column":null}},"31":{"start":{"line":97,"column":8},"end":{"line":97,"column":null}},"32":{"start":{"line":100,"column":18},"end":{"line":100,"column":null}},"33":{"start":{"line":101,"column":6},"end":{"line":106,"column":null}},"34":{"start":{"line":110,"column":2},"end":{"line":114,"column":null}},"35":{"start":{"line":111,"column":20},"end":{"line":111,"column":null}},"36":{"start":{"line":112,"column":21},"end":{"line":112,"column":null}},"37":{"start":{"line":113,"column":4},"end":{"line":113,"column":null}},"38":{"start":{"line":118,"column":2},"end":{"line":119,"column":null}},"39":{"start":{"line":119,"column":4},"end":{"line":119,"column":null}},"40":{"start":{"line":122,"column":16},"end":{"line":122,"column":52}},"41":{"start":{"line":123,"column":2},"end":{"line":123,"column":null}},"42":{"start":{"line":127,"column":2},"end":{"line":128,"column":null}},"43":{"start":{"line":128,"column":4},"end":{"line":128,"column":null}},"44":{"start":{"line":131,"column":2},"end":{"line":133,"column":null}},"45":{"start":{"line":132,"column":49},"end":{"line":132,"column":74}},"46":{"start":{"line":137,"column":2},"end":{"line":138,"column":null}},"47":{"start":{"line":138,"column":4},"end":{"line":138,"column":null}},"48":{"start":{"line":141,"column":16},"end":{"line":141,"column":null}},"49":{"start":{"line":142,"column":2},"end":{"line":146,"column":null}},"50":{"start":{"line":150,"column":2},"end":{"line":151,"column":null}},"51":{"start":{"line":151,"column":4},"end":{"line":151,"column":null}},"52":{"start":{"line":154,"column":2},"end":{"line":158,"column":null}},"53":{"start":{"line":156,"column":6},"end":{"line":156,"column":73}},"54":{"start":{"line":162,"column":2},"end":{"line":165,"column":null}}},"fnMap":{"0":{"name":"buildSchemaHandleId","decl":{"start":{"line":16,"column":16},"end":{"line":16,"column":36}},"loc":{"start":{"line":16,"column":91},"end":{"line":17,"column":null}}},"1":{"name":"parseSchemaConnection","decl":{"start":{"line":20,"column":16},"end":{"line":20,"column":38}},"loc":{"start":{"line":20,"column":87},"end":{"line":33,"column":null}}},"2":{"name":"parseSchemaDocument","decl":{"start":{"line":36,"column":16},"end":{"line":36,"column":36}},"loc":{"start":{"line":36,"column":110},"end":{"line":60,"column":null}}},"3":{"name":"upsertSchemaRelationship","decl":{"start":{"line":64,"column":16},"end":{"line":64,"column":41}},"loc":{"start":{"line":64,"column":111},"end":{"line":82,"column":null}}},"4":{"name":"deriveSchemaEdges","decl":{"start":{"line":85,"column":16},"end":{"line":85,"column":34}},"loc":{"start":{"line":85,"column":105},"end":{"line":114,"column":null}}},"5":{"name":"(anonymous_5)","decl":{"start":{"line":86,"column":42},"end":{"line":86,"column":47}},"loc":{"start":{"line":86,"column":60},"end":{"line":86,"column":74}}},"6":{"name":"(anonymous_6)","decl":{"start":{"line":110,"column":29},"end":{"line":110,"column":35}},"loc":{"start":{"line":110,"column":51},"end":{"line":114,"column":null}}},"7":{"name":"parseSchemaHandle","decl":{"start":{"line":117,"column":9},"end":{"line":117,"column":27}},"loc":{"start":{"line":117,"column":83},"end":{"line":123,"column":null}}},"8":{"name":"cloneTables","decl":{"start":{"line":126,"column":9},"end":{"line":126,"column":21}},"loc":{"start":{"line":126,"column":83},"end":{"line":133,"column":null}}},"9":{"name":"(anonymous_9)","decl":{"start":{"line":132,"column":26},"end":{"line":132,"column":31}},"loc":{"start":{"line":132,"column":49},"end":{"line":132,"column":74}}},"10":{"name":"cloneTable","decl":{"start":{"line":136,"column":9},"end":{"line":136,"column":20}},"loc":{"start":{"line":136,"column":49},"end":{"line":146,"column":null}}},"11":{"name":"cloneForeignKeys","decl":{"start":{"line":149,"column":9},"end":{"line":149,"column":26}},"loc":{"start":{"line":149,"column":96},"end":{"line":158,"column":null}}},"12":{"name":"(anonymous_12)","decl":{"start":{"line":155,"column":26},"end":{"line":155,"column":35}},"loc":{"start":{"line":156,"column":6},"end":{"line":156,"column":73}}},"13":{"name":"isSchemaForeignKey","decl":{"start":{"line":161,"column":9},"end":{"line":161,"column":28}},"loc":{"start":{"line":161,"column":71},"end":{"line":165,"column":null}}}},"branchMap":{"0":{"loc":{"start":{"line":17,"column":12},"end":{"line":17,"column":78}},"type":"cond-expr","locations":[{"start":{"line":17,"column":32},"end":{"line":17,"column":55}},{"start":{"line":17,"column":55},"end":{"line":17,"column":78}}]},"1":{"loc":{"start":{"line":24,"column":2},"end":{"line":25,"column":null}},"type":"if","locations":[{"start":{"line":24,"column":2},"end":{"line":25,"column":null}},{"start":{},"end":{}}]},"2":{"loc":{"start":{"line":24,"column":6},"end":{"line":24,"column":82}},"type":"binary-expr","locations":[{"start":{"line":24,"column":6},"end":{"line":24,"column":28}},{"start":{"line":24,"column":28},"end":{"line":24,"column":50}},{"start":{"line":24,"column":50},"end":{"line":24,"column":67}},{"start":{"line":24,"column":67},"end":{"line":24,"column":82}}]},"3":{"loc":{"start":{"line":37,"column":2},"end":{"line":41,"column":null}},"type":"if","locations":[{"start":{"line":37,"column":2},"end":{"line":41,"column":null}},{"start":{},"end":{}}]},"4":{"loc":{"start":{"line":46,"column":4},"end":{"line":50,"column":null}},"type":"if","locations":[{"start":{"line":46,"column":4},"end":{"line":50,"column":null}},{"start":{},"end":{}}]},"5":{"loc":{"start":{"line":59,"column":13},"end":{"line":59,"column":null}},"type":"cond-expr","locations":[{"start":{"line":59,"column":38},"end":{"line":59,"column":54}},{"start":{"line":59,"column":54},"end":{"line":59,"column":null}}]},"6":{"loc":{"start":{"line":89,"column":57},"end":{"line":89,"column":76}},"type":"binary-expr","locations":[{"start":{"line":89,"column":57},"end":{"line":89,"column":74}},{"start":{"line":89,"column":74},"end":{"line":89,"column":76}}]},"7":{"loc":{"start":{"line":90,"column":4},"end":{"line":91,"column":null}},"type":"if","locations":[{"start":{"line":90,"column":4},"end":{"line":91,"column":null}},{"start":{},"end":{}}]},"8":{"loc":{"start":{"line":95,"column":65},"end":{"line":95,"column":89}},"type":"binary-expr","locations":[{"start":{"line":95,"column":65},"end":{"line":95,"column":87}},{"start":{"line":95,"column":87},"end":{"line":95,"column":89}}]},"9":{"loc":{"start":{"line":96,"column":6},"end":{"line":97,"column":null}},"type":"if","locations":[{"start":{"line":96,"column":6},"end":{"line":97,"column":null}},{"start":{},"end":{}}]},"10":{"loc":{"start":{"line":96,"column":10},"end":{"line":96,"column":98}},"type":"binary-expr","locations":[{"start":{"line":96,"column":10},"end":{"line":96,"column":46}},{"start":{"line":96,"column":50},"end":{"line":96,"column":98}}]},"11":{"loc":{"start":{"line":118,"column":2},"end":{"line":119,"column":null}},"type":"if","locations":[{"start":{"line":118,"column":2},"end":{"line":119,"column":null}},{"start":{},"end":{}}]},"12":{"loc":{"start":{"line":123,"column":9},"end":{"line":123,"column":null}},"type":"cond-expr","locations":[{"start":{"line":123,"column":17},"end":{"line":123,"column":25}},{"start":{"line":123,"column":25},"end":{"line":123,"column":null}}]},"13":{"loc":{"start":{"line":127,"column":2},"end":{"line":128,"column":null}},"type":"if","locations":[{"start":{"line":127,"column":2},"end":{"line":128,"column":null}},{"start":{},"end":{}}]},"14":{"loc":{"start":{"line":137,"column":2},"end":{"line":138,"column":null}},"type":"if","locations":[{"start":{"line":137,"column":2},"end":{"line":138,"column":null}},{"start":{},"end":{}}]},"15":{"loc":{"start":{"line":144,"column":13},"end":{"line":144,"column":null}},"type":"cond-expr","locations":[{"start":{"line":144,"column":39},"end":{"line":144,"column":59}},{"start":{"line":144,"column":62},"end":{"line":144,"column":null}}]},"16":{"loc":{"start":{"line":150,"column":2},"end":{"line":151,"column":null}},"type":"if","locations":[{"start":{"line":150,"column":2},"end":{"line":151,"column":null}},{"start":{},"end":{}}]},"17":{"loc":{"start":{"line":156,"column":6},"end":{"line":156,"column":73}},"type":"cond-expr","locations":[{"start":{"line":156,"column":39},"end":{"line":156,"column":68}},{"start":{"line":156,"column":71},"end":{"line":156,"column":73}}]},"18":{"loc":{"start":{"line":163,"column":4},"end":{"line":165,"column":null}},"type":"binary-expr","locations":[{"start":{"line":163,"column":4},"end":{"line":163,"column":19}},{"start":{"line":164,"column":4},"end":{"line":164,"column":null}},{"start":{"line":165,"column":4},"end":{"line":165,"column":null}}]}},"s":{"0":3,"1":3,"2":104,"3":1,"4":1,"5":1,"6":0,"7":1,"8":1,"9":0,"10":1,"11":1,"12":0,"13":0,"14":0,"15":1,"16":1,"17":1,"18":1,"19":1,"20":1,"21":1,"22":1,"23":2,"24":1,"25":1,"26":1,"27":0,"28":1,"29":1,"30":1,"31":0,"32":1,"33":1,"34":1,"35":0,"36":0,"37":0,"38":2,"39":0,"40":2,"41":2,"42":1,"43":0,"44":1,"45":1,"46":3,"47":0,"48":3,"49":3,"50":4,"51":0,"52":4,"53":1,"54":2},"f":{"0":104,"1":1,"2":1,"3":1,"4":1,"5":2,"6":0,"7":2,"8":1,"9":1,"10":3,"11":4,"12":1,"13":2},"b":{"0":[41,63],"1":[0,1],"2":[1,1,1,1],"3":[0,1],"4":[0,0],"5":[1,0],"6":[1,0],"7":[0,1],"8":[1,0],"9":[0,1],"10":[1,1],"11":[0,2],"12":[2,0],"13":[0,1],"14":[0,3],"15":[0,3],"16":[0,4],"17":[1,0],"18":[2,2,2]}}
,"/home/moenarch/moritzbrantner/dirbase/ui/src/schemaWorkspace.ts": {"path":"/home/moenarch/moritzbrantner/dirbase/ui/src/schemaWorkspace.ts","statementMap":{"0":{"start":{"line":18,"column":54},"end":{"line":18,"column":68}},"1":{"start":{"line":19,"column":21},"end":{"line":30,"column":2}},"2":{"start":{"line":31,"column":20},"end":{"line":31,"column":62}},"3":{"start":{"line":32,"column":32},"end":{"line":32,"column":null}},"4":{"start":{"line":33,"column":32},"end":{"line":33,"column":null}},"5":{"start":{"line":34,"column":32},"end":{"line":34,"column":null}},"6":{"start":{"line":35,"column":39},"end":{"line":35,"column":null}},"7":{"start":{"line":61,"column":2},"end":{"line":62,"column":null}},"8":{"start":{"line":62,"column":4},"end":{"line":62,"column":null}},"9":{"start":{"line":65,"column":2},"end":{"line":73,"column":null}},"10":{"start":{"line":68,"column":64},"end":{"line":70,"column":null}},"11":{"start":{"line":79,"column":2},"end":{"line":80,"column":null}},"12":{"start":{"line":80,"column":4},"end":{"line":80,"column":null}},"13":{"start":{"line":83,"column":2},"end":{"line":91,"column":null}},"14":{"start":{"line":86,"column":64},"end":{"line":88,"column":null}},"15":{"start":{"line":95,"column":2},"end":{"line":95,"column":null}},"16":{"start":{"line":99,"column":2},"end":{"line":99,"column":null}},"17":{"start":{"line":106,"column":19},"end":{"line":106,"column":49}},"18":{"start":{"line":107,"column":19},"end":{"line":107,"column":57}},"19":{"start":{"line":108,"column":21},"end":{"line":111,"column":4}},"20":{"start":{"line":112,"column":46},"end":{"line":112,"column":48}},"21":{"start":{"line":113,"column":53},"end":{"line":113,"column":55}},"22":{"start":{"line":115,"column":2},"end":{"line":143,"column":null}},"23":{"start":{"line":116,"column":26},"end":{"line":116,"column":76}},"24":{"start":{"line":117,"column":26},"end":{"line":117,"column":78}},"25":{"start":{"line":118,"column":20},"end":{"line":121,"column":null}},"26":{"start":{"line":122,"column":23},"end":{"line":122,"column":75}},"27":{"start":{"line":123,"column":23},"end":{"line":123,"column":77}},"28":{"start":{"line":124,"column":24},"end":{"line":127,"column":null}},"29":{"start":{"line":126,"column":26},"end":{"line":126,"column":84}},"30":{"start":{"line":130,"column":4},"end":{"line":130,"column":null}},"31":{"start":{"line":133,"column":6},"end":{"line":133,"column":null}},"32":{"start":{"line":134,"column":4},"end":{"line":134,"column":null}},"33":{"start":{"line":136,"column":4},"end":{"line":143,"column":null}},"34":{"start":{"line":146,"column":2},"end":{"line":146,"column":null}},"35":{"start":{"line":147,"column":2},"end":{"line":148,"column":null}},"36":{"start":{"line":148,"column":4},"end":{"line":148,"column":null}},"37":{"start":{"line":151,"column":2},"end":{"line":151,"column":null}},"38":{"start":{"line":158,"column":20},"end":{"line":158,"column":74}},"39":{"start":{"line":159,"column":19},"end":{"line":159,"column":57}},"40":{"start":{"line":161,"column":2},"end":{"line":219,"column":null}},"41":{"start":{"line":162,"column":18},"end":{"line":162,"column":50}},"42":{"start":{"line":163,"column":4},"end":{"line":164,"column":null}},"43":{"start":{"line":164,"column":6},"end":{"line":164,"column":null}},"44":{"start":{"line":166,"column":4},"end":{"line":169,"column":null}},"45":{"start":{"line":167,"column":26},"end":{"line":167,"column":88}},"46":{"start":{"line":168,"column":6},"end":{"line":169,"column":null}},"47":{"start":{"line":169,"column":8},"end":{"line":169,"column":null}},"48":{"start":{"line":173,"column":4},"end":{"line":195,"column":null}},"49":{"start":{"line":174,"column":33},"end":{"line":174,"column":null}},"50":{"start":{"line":175,"column":6},"end":{"line":176,"column":null}},"51":{"start":{"line":176,"column":8},"end":{"line":176,"column":null}},"52":{"start":{"line":179,"column":26},"end":{"line":179,"column":null}},"53":{"start":{"line":180,"column":6},"end":{"line":181,"column":null}},"54":{"start":{"line":181,"column":8},"end":{"line":181,"column":null}},"55":{"start":{"line":184,"column":27},"end":{"line":184,"column":null}},"56":{"start":{"line":185,"column":6},"end":{"line":186,"column":null}},"57":{"start":{"line":186,"column":8},"end":{"line":186,"column":null}},"58":{"start":{"line":189,"column":6},"end":{"line":195,"column":null}},"59":{"start":{"line":195,"column":8},"end":{"line":195,"column":null}},"60":{"start":{"line":199,"column":26},"end":{"line":199,"column":78}},"61":{"start":{"line":200,"column":23},"end":{"line":200,"column":40}},"62":{"start":{"line":201,"column":4},"end":{"line":219,"column":null}},"63":{"start":{"line":202,"column":6},"end":{"line":203,"column":null}},"64":{"start":{"line":203,"column":8},"end":{"line":203,"column":null}},"65":{"start":{"line":205,"column":26},"end":{"line":205,"column":43}},"66":{"start":{"line":206,"column":6},"end":{"line":212,"column":null}},"67":{"start":{"line":207,"column":8},"end":{"line":208,"column":null}},"68":{"start":{"line":208,"column":10},"end":{"line":208,"column":null}},"69":{"start":{"line":210,"column":8},"end":{"line":210,"column":null}},"70":{"start":{"line":211,"column":8},"end":{"line":212,"column":null}},"71":{"start":{"line":212,"column":10},"end":{"line":212,"column":null}},"72":{"start":{"line":215,"column":18},"end":{"line":215,"column":51}},"73":{"start":{"line":216,"column":6},"end":{"line":217,"column":null}},"74":{"start":{"line":217,"column":8},"end":{"line":217,"column":null}},"75":{"start":{"line":219,"column":6},"end":{"line":219,"column":null}},"76":{"start":{"line":223,"column":2},"end":{"line":223,"column":null}},"77":{"start":{"line":230,"column":16},"end":{"line":230,"column":68}},"78":{"start":{"line":231,"column":2},"end":{"line":231,"column":null}},"79":{"start":{"line":239,"column":21},"end":{"line":239,"column":46}},"80":{"start":{"line":240,"column":2},"end":{"line":242,"column":null}},"81":{"start":{"line":241,"column":27},"end":{"line":241,"column":52}},"82":{"start":{"line":242,"column":27},"end":{"line":242,"column":52}},"83":{"start":{"line":250,"column":2},"end":{"line":252,"column":null}},"84":{"start":{"line":251,"column":4},"end":{"line":251,"column":null}},"85":{"start":{"line":260,"column":2},"end":{"line":262,"column":null}},"86":{"start":{"line":261,"column":4},"end":{"line":261,"column":null}},"87":{"start":{"line":270,"column":2},"end":{"line":272,"column":null}},"88":{"start":{"line":271,"column":4},"end":{"line":271,"column":null}},"89":{"start":{"line":282,"column":25},"end":{"line":282,"column":81}},"90":{"start":{"line":283,"column":26},"end":{"line":283,"column":85}},"91":{"start":{"line":284,"column":23},"end":{"line":284,"column":null}},"92":{"start":{"line":285,"column":27},"end":{"line":285,"column":null}},"93":{"start":{"line":287,"column":2},"end":{"line":344,"column":null}},"94":{"start":{"line":288,"column":20},"end":{"line":288,"column":48}},"95":{"start":{"line":289,"column":21},"end":{"line":289,"column":59}},"96":{"start":{"line":290,"column":27},"end":{"line":290,"column":null}},"97":{"start":{"line":291,"column":25},"end":{"line":291,"column":null}},"98":{"start":{"line":292,"column":37},"end":{"line":296,"column":null}},"99":{"start":{"line":298,"column":4},"end":{"line":302,"column":null}},"100":{"start":{"line":299,"column":6},"end":{"line":302,"column":null}},"101":{"start":{"line":300,"column":8},"end":{"line":300,"column":null}},"102":{"start":{"line":302,"column":8},"end":{"line":302,"column":null}},"103":{"start":{"line":305,"column":4},"end":{"line":307,"column":null}},"104":{"start":{"line":306,"column":6},"end":{"line":307,"column":null}},"105":{"start":{"line":306,"column":72},"end":{"line":306,"column":null}},"106":{"start":{"line":307,"column":11},"end":{"line":307,"column":null}},"107":{"start":{"line":309,"column":4},"end":{"line":311,"column":null}},"108":{"start":{"line":310,"column":6},"end":{"line":311,"column":null}},"109":{"start":{"line":310,"column":72},"end":{"line":310,"column":null}},"110":{"start":{"line":311,"column":11},"end":{"line":311,"column":null}},"111":{"start":{"line":313,"column":4},"end":{"line":315,"column":null}},"112":{"start":{"line":314,"column":6},"end":{"line":315,"column":null}},"113":{"start":{"line":314,"column":46},"end":{"line":314,"column":null}},"114":{"start":{"line":315,"column":11},"end":{"line":315,"column":null}},"115":{"start":{"line":317,"column":4},"end":{"line":319,"column":null}},"116":{"start":{"line":318,"column":6},"end":{"line":319,"column":null}},"117":{"start":{"line":318,"column":46},"end":{"line":318,"column":null}},"118":{"start":{"line":319,"column":11},"end":{"line":319,"column":null}},"119":{"start":{"line":321,"column":4},"end":{"line":323,"column":null}},"120":{"start":{"line":322,"column":6},"end":{"line":323,"column":null}},"121":{"start":{"line":322,"column":56},"end":{"line":322,"column":null}},"122":{"start":{"line":323,"column":11},"end":{"line":323,"column":null}},"123":{"start":{"line":326,"column":4},"end":{"line":329,"column":null}},"124":{"start":{"line":327,"column":6},"end":{"line":327,"column":null}},"125":{"start":{"line":328,"column":6},"end":{"line":328,"column":null}},"126":{"start":{"line":329,"column":6},"end":{"line":329,"column":null}},"127":{"start":{"line":332,"column":4},"end":{"line":339,"column":null}},"128":{"start":{"line":337,"column":6},"end":{"line":337,"column":null}},"129":{"start":{"line":338,"column":6},"end":{"line":338,"column":null}},"130":{"start":{"line":339,"column":6},"end":{"line":339,"column":null}},"131":{"start":{"line":342,"column":4},"end":{"line":342,"column":null}},"132":{"start":{"line":343,"column":4},"end":{"line":343,"column":null}},"133":{"start":{"line":351,"column":2},"end":{"line":362,"column":null}},"134":{"start":{"line":352,"column":4},"end":{"line":358,"column":null}},"135":{"start":{"line":359,"column":4},"end":{"line":361,"column":null}},"136":{"start":{"line":360,"column":22},"end":{"line":360,"column":null}},"137":{"start":{"line":369,"column":27},"end":{"line":369,"column":60}},"138":{"start":{"line":370,"column":2},"end":{"line":371,"column":null}},"139":{"start":{"line":371,"column":4},"end":{"line":371,"column":null}},"140":{"start":{"line":374,"column":2},"end":{"line":380,"column":null}},"141":{"start":{"line":389,"column":29},"end":{"line":390,"column":null}},"142":{"start":{"line":393,"column":2},"end":{"line":407,"column":null}},"143":{"start":{"line":394,"column":24},"end":{"line":394,"column":57}},"144":{"start":{"line":395,"column":4},"end":{"line":395,"column":null}},"145":{"start":{"line":396,"column":4},"end":{"line":396,"column":null}},"146":{"start":{"line":398,"column":4},"end":{"line":405,"column":null}},"147":{"start":{"line":399,"column":6},"end":{"line":401,"column":null}},"148":{"start":{"line":403,"column":6},"end":{"line":405,"column":null}},"149":{"start":{"line":404,"column":24},"end":{"line":404,"column":null}},"150":{"start":{"line":415,"column":2},"end":{"line":422,"column":null}},"151":{"start":{"line":416,"column":24},"end":{"line":416,"column":57}},"152":{"start":{"line":417,"column":4},"end":{"line":417,"column":null}},"153":{"start":{"line":418,"column":4},"end":{"line":418,"column":null}},"154":{"start":{"line":419,"column":4},"end":{"line":421,"column":null}},"155":{"start":{"line":420,"column":22},"end":{"line":420,"column":null}},"156":{"start":{"line":430,"column":2},"end":{"line":430,"column":null}},"157":{"start":{"line":439,"column":24},"end":{"line":439,"column":76}},"158":{"start":{"line":440,"column":2},"end":{"line":441,"column":null}},"159":{"start":{"line":441,"column":4},"end":{"line":441,"column":null}},"160":{"start":{"line":443,"column":2},"end":{"line":444,"column":null}},"161":{"start":{"line":444,"column":4},"end":{"line":444,"column":null}},"162":{"start":{"line":446,"column":2},"end":{"line":447,"column":null}},"163":{"start":{"line":447,"column":4},"end":{"line":447,"column":null}},"164":{"start":{"line":449,"column":2},"end":{"line":449,"column":null}},"165":{"start":{"line":453,"column":16},"end":{"line":453,"column":64}},"166":{"start":{"line":454,"column":2},"end":{"line":455,"column":null}},"167":{"start":{"line":460,"column":19},"end":{"line":460,"column":53}},"168":{"start":{"line":461,"column":19},"end":{"line":461,"column":61}},"169":{"start":{"line":462,"column":20},"end":{"line":462,"column":64}},"170":{"start":{"line":464,"column":2},"end":{"line":469,"column":null}},"171":{"start":{"line":476,"column":26},"end":{"line":476,"column":77}},"172":{"start":{"line":476,"column":62},"end":{"line":476,"column":76}},"173":{"start":{"line":477,"column":20},"end":{"line":477,"column":74}},"174":{"start":{"line":478,"column":31},"end":{"line":478,"column":92}},"175":{"start":{"line":479,"column":2},"end":{"line":482,"column":null}},"176":{"start":{"line":480,"column":20},"end":{"line":480,"column":79}},"177":{"start":{"line":481,"column":4},"end":{"line":481,"column":null}},"178":{"start":{"line":482,"column":4},"end":{"line":482,"column":null}},"179":{"start":{"line":484,"column":29},"end":{"line":491,"column":null}},"180":{"start":{"line":486,"column":20},"end":{"line":486,"column":72}},"181":{"start":{"line":487,"column":6},"end":{"line":490,"column":null}},"182":{"start":{"line":493,"column":22},"end":{"line":502,"column":null}},"183":{"start":{"line":494,"column":20},"end":{"line":494,"column":59}},"184":{"start":{"line":495,"column":4},"end":{"line":501,"column":null}},"185":{"start":{"line":496,"column":26},"end":{"line":496,"column":98}},"186":{"start":{"line":497,"column":24},"end":{"line":501,"column":9}},"187":{"start":{"line":503,"column":26},"end":{"line":503,"column":56}},"188":{"start":{"line":505,"column":2},"end":{"line":511,"column":null}},"189":{"start":{"line":506,"column":4},"end":{"line":507,"column":null}},"190":{"start":{"line":507,"column":6},"end":{"line":507,"column":null}},"191":{"start":{"line":509,"column":20},"end":{"line":509,"column":82}},"192":{"start":{"line":510,"column":4},"end":{"line":510,"column":null}},"193":{"start":{"line":511,"column":4},"end":{"line":511,"column":null}},"194":{"start":{"line":514,"column":2},"end":{"line":573,"column":null}},"195":{"start":{"line":516,"column":12},"end":{"line":551,"column":null}},"196":{"start":{"line":517,"column":33},"end":{"line":517,"column":null}},"197":{"start":{"line":519,"column":10},"end":{"line":524,"column":null}},"198":{"start":{"line":522,"column":13},"end":{"line":524,"column":77}},"199":{"start":{"line":527,"column":10},"end":{"line":537,"column":null}},"200":{"start":{"line":530,"column":37},"end":{"line":530,"column":85}},"201":{"start":{"line":531,"column":12},"end":{"line":536,"column":null}},"202":{"start":{"line":533,"column":16},"end":{"line":535,"column":89}},"203":{"start":{"line":539,"column":10},"end":{"line":543,"column":null}},"204":{"start":{"line":544,"column":26},"end":{"line":544,"column":null}},"205":{"start":{"line":545,"column":8},"end":{"line":550,"column":null}},"206":{"start":{"line":553,"column":6},"end":{"line":571,"column":null}},"207":{"start":{"line":557,"column":32},"end":{"line":557,"column":47}},"208":{"start":{"line":559,"column":14},"end":{"line":560,"column":null}},"209":{"start":{"line":560,"column":16},"end":{"line":560,"column":null}},"210":{"start":{"line":562,"column":14},"end":{"line":563,"column":null}},"211":{"start":{"line":563,"column":16},"end":{"line":563,"column":null}},"212":{"start":{"line":565,"column":14},"end":{"line":566,"column":null}},"213":{"start":{"line":566,"column":16},"end":{"line":566,"column":null}},"214":{"start":{"line":568,"column":14},"end":{"line":568,"column":null}},"215":{"start":{"line":581,"column":22},"end":{"line":581,"column":73}},"216":{"start":{"line":582,"column":26},"end":{"line":582,"column":65}},"217":{"start":{"line":583,"column":21},"end":{"line":583,"column":63}},"218":{"start":{"line":583,"column":49},"end":{"line":583,"column":63}},"219":{"start":{"line":584,"column":24},"end":{"line":584,"column":73}},"220":{"start":{"line":585,"column":62},"end":{"line":585,"column":64}},"221":{"start":{"line":586,"column":16},"end":{"line":586,"column":null}},"222":{"start":{"line":588,"column":2},"end":{"line":604,"column":null}},"223":{"start":{"line":589,"column":18},"end":{"line":589,"column":91}},"224":{"start":{"line":590,"column":24},"end":{"line":590,"column":62}},"225":{"start":{"line":590,"column":60},"end":{"line":590,"column":62}},"226":{"start":{"line":592,"column":4},"end":{"line":602,"column":null}},"227":{"start":{"line":593,"column":24},"end":{"line":593,"column":null}},"228":{"start":{"line":594,"column":22},"end":{"line":594,"column":59}},"229":{"start":{"line":595,"column":6},"end":{"line":598,"column":null}},"230":{"start":{"line":599,"column":6},"end":{"line":601,"column":null}},"231":{"start":{"line":604,"column":4},"end":{"line":604,"column":null}},"232":{"start":{"line":607,"column":2},"end":{"line":610,"column":null}},"233":{"start":{"line":608,"column":4},"end":{"line":610,"column":null}},"234":{"start":{"line":609,"column":6},"end":{"line":609,"column":null}},"235":{"start":{"line":610,"column":6},"end":{"line":610,"column":null}},"236":{"start":{"line":614,"column":2},"end":{"line":614,"column":null}},"237":{"start":{"line":621,"column":24},"end":{"line":621,"column":66}},"238":{"start":{"line":621,"column":52},"end":{"line":621,"column":66}},"239":{"start":{"line":622,"column":26},"end":{"line":622,"column":48}},"240":{"start":{"line":623,"column":18},"end":{"line":623,"column":61}},"241":{"start":{"line":624,"column":20},"end":{"line":624,"column":58}},"242":{"start":{"line":626,"column":2},"end":{"line":656,"column":null}},"243":{"start":{"line":627,"column":18},"end":{"line":627,"column":68}},"244":{"start":{"line":629,"column":4},"end":{"line":640,"column":null}},"245":{"start":{"line":630,"column":6},"end":{"line":631,"column":null}},"246":{"start":{"line":631,"column":8},"end":{"line":631,"column":null}},"247":{"start":{"line":634,"column":6},"end":{"line":640,"column":null}},"248":{"start":{"line":643,"column":4},"end":{"line":656,"column":null}},"249":{"start":{"line":644,"column":18},"end":{"line":644,"column":null}},"250":{"start":{"line":645,"column":6},"end":{"line":646,"column":null}},"251":{"start":{"line":646,"column":8},"end":{"line":646,"column":null}},"252":{"start":{"line":649,"column":23},"end":{"line":653,"column":null}},"253":{"start":{"line":655,"column":6},"end":{"line":656,"column":null}},"254":{"start":{"line":656,"column":8},"end":{"line":656,"column":null}},"255":{"start":{"line":661,"column":2},"end":{"line":665,"column":null}},"256":{"start":{"line":662,"column":20},"end":{"line":662,"column":null}},"257":{"start":{"line":663,"column":21},"end":{"line":663,"column":null}},"258":{"start":{"line":664,"column":4},"end":{"line":664,"column":null}},"259":{"start":{"line":673,"column":19},"end":{"line":673,"column":53}},"260":{"start":{"line":674,"column":17},"end":{"line":674,"column":47}},"261":{"start":{"line":675,"column":16},"end":{"line":675,"column":57}},"262":{"start":{"line":676,"column":2},"end":{"line":676,"column":null}},"263":{"start":{"line":677,"column":20},"end":{"line":677,"column":45}},"264":{"start":{"line":679,"column":2},"end":{"line":682,"column":null}},"265":{"start":{"line":680,"column":4},"end":{"line":680,"column":null}},"266":{"start":{"line":682,"column":4},"end":{"line":682,"column":null}},"267":{"start":{"line":685,"column":2},"end":{"line":688,"column":null}},"268":{"start":{"line":692,"column":54},"end":{"line":692,"column":56}},"269":{"start":{"line":693,"column":2},"end":{"line":696,"column":null}},"270":{"start":{"line":694,"column":18},"end":{"line":694,"column":72}},"271":{"start":{"line":695,"column":4},"end":{"line":696,"column":null}},"272":{"start":{"line":696,"column":6},"end":{"line":696,"column":null}},"273":{"start":{"line":700,"column":2},"end":{"line":703,"column":null}},"274":{"start":{"line":707,"column":48},"end":{"line":707,"column":50}},"275":{"start":{"line":708,"column":2},"end":{"line":711,"column":null}},"276":{"start":{"line":709,"column":19},"end":{"line":709,"column":49}},"277":{"start":{"line":710,"column":4},"end":{"line":711,"column":null}},"278":{"start":{"line":711,"column":6},"end":{"line":711,"column":null}},"279":{"start":{"line":715,"column":56},"end":{"line":715,"column":58}},"280":{"start":{"line":716,"column":2},"end":{"line":721,"column":null}},"281":{"start":{"line":717,"column":4},"end":{"line":721,"column":null}},"282":{"start":{"line":718,"column":6},"end":{"line":721,"column":null}},"283":{"start":{"line":724,"column":34},"end":{"line":724,"column":108}},"284":{"start":{"line":725,"column":17},"end":{"line":725,"column":53}},"285":{"start":{"line":727,"column":2},"end":{"line":737,"column":null}},"286":{"start":{"line":741,"column":2},"end":{"line":747,"column":null}},"287":{"start":{"line":752,"column":48},"end":{"line":752,"column":50}},"288":{"start":{"line":753,"column":2},"end":{"line":754,"column":null}},"289":{"start":{"line":754,"column":4},"end":{"line":754,"column":null}},"290":{"start":{"line":757,"column":56},"end":{"line":757,"column":58}},"291":{"start":{"line":758,"column":2},"end":{"line":763,"column":null}},"292":{"start":{"line":759,"column":4},"end":{"line":763,"column":null}},"293":{"start":{"line":760,"column":6},"end":{"line":763,"column":null}},"294":{"start":{"line":767,"column":63},"end":{"line":767,"column":65}},"295":{"start":{"line":768,"column":2},"end":{"line":777,"column":null}},"296":{"start":{"line":769,"column":4},"end":{"line":777,"column":null}},"297":{"start":{"line":770,"column":6},"end":{"line":777,"column":null}},"298":{"start":{"line":780,"column":17},"end":{"line":780,"column":53}},"299":{"start":{"line":782,"column":2},"end":{"line":790,"column":null}},"300":{"start":{"line":794,"column":2},"end":{"line":795,"column":null}},"301":{"start":{"line":795,"column":4},"end":{"line":795,"column":null}},"302":{"start":{"line":798,"column":48},"end":{"line":798,"column":50}},"303":{"start":{"line":799,"column":2},"end":{"line":801,"column":null}},"304":{"start":{"line":800,"column":4},"end":{"line":801,"column":null}},"305":{"start":{"line":801,"column":6},"end":{"line":801,"column":null}},"306":{"start":{"line":805,"column":56},"end":{"line":805,"column":58}},"307":{"start":{"line":806,"column":2},"end":{"line":812,"column":null}},"308":{"start":{"line":807,"column":4},"end":{"line":812,"column":null}},"309":{"start":{"line":808,"column":6},"end":{"line":812,"column":null}},"310":{"start":{"line":809,"column":8},"end":{"line":812,"column":null}},"311":{"start":{"line":816,"column":17},"end":{"line":816,"column":53}},"312":{"start":{"line":818,"column":2},"end":{"line":829,"column":null}},"313":{"start":{"line":826,"column":73},"end":{"line":826,"column":99}},"314":{"start":{"line":833,"column":2},"end":{"line":834,"column":null}},"315":{"start":{"line":834,"column":4},"end":{"line":834,"column":null}},"316":{"start":{"line":837,"column":48},"end":{"line":837,"column":50}},"317":{"start":{"line":838,"column":2},"end":{"line":840,"column":null}},"318":{"start":{"line":839,"column":4},"end":{"line":840,"column":null}},"319":{"start":{"line":840,"column":6},"end":{"line":840,"column":null}},"320":{"start":{"line":844,"column":56},"end":{"line":844,"column":58}},"321":{"start":{"line":845,"column":2},"end":{"line":851,"column":null}},"322":{"start":{"line":846,"column":4},"end":{"line":851,"column":null}},"323":{"start":{"line":847,"column":6},"end":{"line":851,"column":null}},"324":{"start":{"line":848,"column":8},"end":{"line":851,"column":null}},"325":{"start":{"line":856,"column":63},"end":{"line":856,"column":65}},"326":{"start":{"line":857,"column":2},"end":{"line":867,"column":null}},"327":{"start":{"line":858,"column":4},"end":{"line":867,"column":null}},"328":{"start":{"line":859,"column":6},"end":{"line":867,"column":null}},"329":{"start":{"line":860,"column":8},"end":{"line":867,"column":null}},"330":{"start":{"line":872,"column":2},"end":{"line":880,"column":null}},"331":{"start":{"line":884,"column":2},"end":{"line":885,"column":null}},"332":{"start":{"line":885,"column":4},"end":{"line":885,"column":null}},"333":{"start":{"line":888,"column":21},"end":{"line":890,"column":null}},"334":{"start":{"line":889,"column":60},"end":{"line":889,"column":86}},"335":{"start":{"line":891,"column":2},"end":{"line":907,"column":null}},"336":{"start":{"line":911,"column":2},"end":{"line":917,"column":null}},"337":{"start":{"line":922,"column":2},"end":{"line":929,"column":null}},"338":{"start":{"line":933,"column":2},"end":{"line":934,"column":null}},"339":{"start":{"line":934,"column":4},"end":{"line":934,"column":null}},"340":{"start":{"line":936,"column":2},"end":{"line":937,"column":null}},"341":{"start":{"line":937,"column":4},"end":{"line":937,"column":null}},"342":{"start":{"line":939,"column":2},"end":{"line":939,"column":null}},"343":{"start":{"line":943,"column":2},"end":{"line":944,"column":null}},"344":{"start":{"line":944,"column":4},"end":{"line":944,"column":null}},"345":{"start":{"line":946,"column":2},"end":{"line":959,"column":null}},"346":{"start":{"line":948,"column":6},"end":{"line":949,"column":null}},"347":{"start":{"line":949,"column":8},"end":{"line":949,"column":null}},"348":{"start":{"line":951,"column":22},"end":{"line":956,"column":null}},"349":{"start":{"line":954,"column":50},"end":{"line":954,"column":102}},"350":{"start":{"line":955,"column":29},"end":{"line":955,"column":42}},"351":{"start":{"line":958,"column":6},"end":{"line":958,"column":null}},"352":{"start":{"line":963,"column":2},"end":{"line":963,"column":null}},"353":{"start":{"line":967,"column":2},"end":{"line":967,"column":null}},"354":{"start":{"line":971,"column":2},"end":{"line":971,"column":null}},"355":{"start":{"line":979,"column":2},"end":{"line":980,"column":null}},"356":{"start":{"line":980,"column":4},"end":{"line":980,"column":null}},"357":{"start":{"line":982,"column":2},"end":{"line":983,"column":null}},"358":{"start":{"line":983,"column":4},"end":{"line":983,"column":null}},"359":{"start":{"line":985,"column":2},"end":{"line":985,"column":null}},"360":{"start":{"line":989,"column":2},"end":{"line":993,"column":null}},"361":{"start":{"line":998,"column":2},"end":{"line":998,"column":null}},"362":{"start":{"line":1006,"column":21},"end":{"line":1006,"column":null}},"363":{"start":{"line":1007,"column":2},"end":{"line":1015,"column":null}},"364":{"start":{"line":1008,"column":4},"end":{"line":1009,"column":null}},"365":{"start":{"line":1009,"column":6},"end":{"line":1009,"column":null}},"366":{"start":{"line":1011,"column":4},"end":{"line":1012,"column":null}},"367":{"start":{"line":1012,"column":6},"end":{"line":1012,"column":null}},"368":{"start":{"line":1014,"column":4},"end":{"line":1015,"column":null}},"369":{"start":{"line":1015,"column":6},"end":{"line":1015,"column":null}},"370":{"start":{"line":1018,"column":2},"end":{"line":1019,"column":null}},"371":{"start":{"line":1019,"column":4},"end":{"line":1019,"column":null}},"372":{"start":{"line":1021,"column":19},"end":{"line":1021,"column":63}},"373":{"start":{"line":1022,"column":19},"end":{"line":1022,"column":63}},"374":{"start":{"line":1023,"column":2},"end":{"line":1024,"column":null}},"375":{"start":{"line":1024,"column":4},"end":{"line":1024,"column":null}},"376":{"start":{"line":1026,"column":2},"end":{"line":1027,"column":null}},"377":{"start":{"line":1027,"column":4},"end":{"line":1027,"column":null}},"378":{"start":{"line":1029,"column":2},"end":{"line":1030,"column":null}},"379":{"start":{"line":1030,"column":4},"end":{"line":1030,"column":null}},"380":{"start":{"line":1032,"column":2},"end":{"line":1036,"column":null}},"381":{"start":{"line":1036,"column":4},"end":{"line":1036,"column":null}},"382":{"start":{"line":1038,"column":2},"end":{"line":1043,"column":null}},"383":{"start":{"line":1043,"column":4},"end":{"line":1043,"column":null}},"384":{"start":{"line":1045,"column":2},"end":{"line":1052,"column":null}},"385":{"start":{"line":1046,"column":4},"end":{"line":1047,"column":null}},"386":{"start":{"line":1047,"column":6},"end":{"line":1047,"column":null}},"387":{"start":{"line":1049,"column":4},"end":{"line":1052,"column":null}},"388":{"start":{"line":1050,"column":6},"end":{"line":1050,"column":null}},"389":{"start":{"line":1052,"column":6},"end":{"line":1052,"column":null}},"390":{"start":{"line":1055,"column":2},"end":{"line":1055,"column":null}},"391":{"start":{"line":1059,"column":2},"end":{"line":1059,"column":null}},"392":{"start":{"line":1063,"column":2},"end":{"line":1063,"column":null}},"393":{"start":{"line":1067,"column":2},"end":{"line":1067,"column":null}},"394":{"start":{"line":1071,"column":2},"end":{"line":1072,"column":null}},"395":{"start":{"line":1072,"column":4},"end":{"line":1072,"column":null}},"396":{"start":{"line":1074,"column":2},"end":{"line":1075,"column":null}},"397":{"start":{"line":1075,"column":4},"end":{"line":1075,"column":null}},"398":{"start":{"line":1077,"column":2},"end":{"line":1079,"column":null}},"399":{"start":{"line":1078,"column":22},"end":{"line":1078,"column":54}},"400":{"start":{"line":1079,"column":4},"end":{"line":1079,"column":null}},"401":{"start":{"line":1081,"column":2},"end":{"line":1083,"column":null}},"402":{"start":{"line":1082,"column":22},"end":{"line":1082,"column":39}},"403":{"start":{"line":1083,"column":4},"end":{"line":1083,"column":null}},"404":{"start":{"line":1085,"column":2},"end":{"line":1085,"column":null}},"405":{"start":{"line":1089,"column":18},"end":{"line":1089,"column":43}},"406":{"start":{"line":1091,"column":2},"end":{"line":1100,"column":null}},"407":{"start":{"line":1092,"column":21},"end":{"line":1092,"column":63}},"408":{"start":{"line":1093,"column":4},"end":{"line":1100,"column":null}},"409":{"start":{"line":1099,"column":6},"end":{"line":1100,"column":null}},"410":{"start":{"line":1100,"column":8},"end":{"line":1100,"column":null}},"411":{"start":{"line":1105,"column":2},"end":{"line":1105,"column":null}},"412":{"start":{"line":1109,"column":2},"end":{"line":1110,"column":null}},"413":{"start":{"line":1110,"column":4},"end":{"line":1110,"column":null}},"414":{"start":{"line":1112,"column":2},"end":{"line":1113,"column":null}},"415":{"start":{"line":1113,"column":4},"end":{"line":1113,"column":null}},"416":{"start":{"line":1115,"column":2},"end":{"line":1115,"column":null}},"417":{"start":{"line":1119,"column":2},"end":{"line":1119,"colu
[...]
end":{"line":169,"column":null}},"40":{"start":{"line":171,"column":2},"end":{"line":202,"column":null}},"41":{"start":{"line":180,"column":30},"end":{"line":180,"column":47}},"42":{"start":{"line":183,"column":10},"end":{"line":184,"column":null}},"43":{"start":{"line":184,"column":12},"end":{"line":184,"column":null}},"44":{"start":{"line":187,"column":43},"end":{"line":187,"column":91}},"45":{"start":{"line":188,"column":34},"end":{"line":188,"column":56}},"46":{"start":{"line":190,"column":44},"end":{"line":190,"column":65}},"47":{"start":{"line":191,"column":10},"end":{"line":193,"column":null}},"48":{"start":{"line":192,"column":12},"end":{"line":192,"column":null}},"49":{"start":{"line":193,"column":12},"end":{"line":193,"column":null}},"50":{"start":{"line":195,"column":10},"end":{"line":195,"column":null}},"51":{"start":{"line":207,"column":18},"end":{"line":207,"column":null}},"52":{"start":{"line":208,"column":30},"end":{"line":208,"column":54}},"53":{"start":{"line":210,"column":2},"end":{"line":212,"column":null}},"54":{"start":{"line":211,"column":4},"end":{"line":211,"column":null}},"55":{"start":{"line":214,"column":2},"end":{"line":297,"column":null}},"56":{"start":{"line":217,"column":75},"end":{"line":217,"column":113}},"57":{"start":{"line":227,"column":14},"end":{"line":227,"column":null}},"58":{"start":{"line":228,"column":14},"end":{"line":228,"column":null}},"59":{"start":{"line":247,"column":31},"end":{"line":247,"column":null}},"60":{"start":{"line":248,"column":14},"end":{"line":289,"column":null}},"61":{"start":{"line":264,"column":22},"end":{"line":264,"column":null}},"62":{"start":{"line":265,"column":22},"end":{"line":265,"column":null}},"63":{"start":{"line":324,"column":2},"end":{"line":347,"column":null}},"64":{"start":{"line":354,"column":2},"end":{"line":355,"column":null}},"65":{"start":{"line":355,"column":4},"end":{"line":355,"column":null}},"66":{"start":{"line":358,"column":27},"end":{"line":358,"column":74}},"67":{"start":{"line":359,"column":27},"end":{"line":359,"column":74}},"68":{"start":{"line":360,"column":23},"end":{"line":360,"column":113}},"69":{"start":{"line":360,"column":80},"end":{"line":360,"column":113}},"70":{"start":{"line":361,"column":23},"end":{"line":361,"column":113}},"71":{"start":{"line":361,"column":80},"end":{"line":361,"column":113}},"72":{"start":{"line":363,"column":2},"end":{"line":368,"column":null}}},"fnMap":{"0":{"name":"SchemaCanvas","decl":{"start":{"line":47,"column":16},"end":{"line":47,"column":29}},"loc":{"start":{"line":69,"column":3},"end":{"line":202,"column":null}}},"1":{"name":"(anonymous_1)","decl":{"start":{"line":70,"column":22},"end":{"line":70,"column":null}},"loc":{"start":{"line":71,"column":10},"end":{"line":71,"column":61}}},"2":{"name":"(anonymous_2)","decl":{"start":{"line":74,"column":25},"end":{"line":74,"column":null}},"loc":{"start":{"line":75,"column":10},"end":{"line":75,"column":64}}},"3":{"name":"(anonymous_3)","decl":{"start":{"line":78,"column":25},"end":{"line":78,"column":39}},"loc":{"start":{"line":78,"column":39},"end":{"line":84,"column":6}}},"4":{"name":"(anonymous_4)","decl":{"start":{"line":86,"column":27},"end":{"line":86,"column":41}},"loc":{"start":{"line":86,"column":41},"end":{"line":86,"column":66}}},"5":{"name":"(anonymous_5)","decl":{"start":{"line":87,"column":21},"end":{"line":87,"column":null}},"loc":{"start":{"line":89,"column":6},"end":{"line":91,"column":8}}},"6":{"name":"(anonymous_6)","decl":{"start":{"line":97,"column":2},"end":{"line":97,"column":18}},"loc":{"start":{"line":97,"column":18},"end":{"line":101,"column":6}}},"7":{"name":"(anonymous_7)","decl":{"start":{"line":98,"column":4},"end":{"line":98,"column":25}},"loc":{"start":{"line":99,"column":6},"end":{"line":99,"column":94}}},"8":{"name":"(anonymous_8)","decl":{"start":{"line":99,"column":14},"end":{"line":99,"column":22}},"loc":{"start":{"line":99,"column":36},"end":{"line":99,"column":93}}},"9":{"name":"(anonymous_9)","decl":{"start":{"line":99,"column":46},"end":{"line":99,"column":52}},"loc":{"start":{"line":99,"column":65},"end":{"line":99,"column":93}}},"10":{"name":"(anonymous_10)","decl":{"start":{"line":103,"column":2},"end":{"line":103,"column":18}},"loc":{"start":{"line":103,"column":18},"end":{"line":124,"column":6}}},"11":{"name":"(anonymous_11)","decl":{"start":{"line":104,"column":4},"end":{"line":104,"column":14}},"loc":{"start":{"line":104,"column":31},"end":{"line":123,"column":null}}},"12":{"name":"(anonymous_12)","decl":{"start":{"line":105,"column":53},"end":{"line":105,"column":58}},"loc":{"start":{"line":105,"column":67},"end":{"line":105,"column":91}}},"13":{"name":"(anonymous_13)","decl":{"start":{"line":106,"column":23},"end":{"line":106,"column":28}},"loc":{"start":{"line":106,"column":41},"end":{"line":122,"column":8}}},"14":{"name":"(anonymous_14)","decl":{"start":{"line":115,"column":8},"end":{"line":115,"column":28}},"loc":{"start":{"line":116,"column":10},"end":{"line":119,"column":null}}},"15":{"name":"(anonymous_15)","decl":{"start":{"line":116,"column":10},"end":{"line":116,"column":31}},"loc":{"start":{"line":117,"column":12},"end":{"line":119,"column":39}}},"16":{"name":"(anonymous_16)","decl":{"start":{"line":118,"column":24},"end":{"line":118,"column":32}},"loc":{"start":{"line":118,"column":53},"end":{"line":118,"column":84}}},"17":{"name":"(anonymous_17)","decl":{"start":{"line":126,"column":2},"end":{"line":126,"column":18}},"loc":{"start":{"line":126,"column":18},"end":{"line":134,"column":6}}},"18":{"name":"(anonymous_18)","decl":{"start":{"line":127,"column":4},"end":{"line":127,"column":14}},"loc":{"start":{"line":128,"column":6},"end":{"line":131,"column":9}}},"19":{"name":"(anonymous_19)","decl":{"start":{"line":128,"column":19},"end":{"line":128,"column":24}},"loc":{"start":{"line":128,"column":34},"end":{"line":131,"column":9}}},"20":{"name":"(anonymous_20)","decl":{"start":{"line":136,"column":49},"end":{"line":136,"column":54}},"loc":{"start":{"line":136,"column":67},"end":{"line":168,"column":null}}},"21":{"name":"(anonymous_21)","decl":{"start":{"line":180,"column":8},"end":{"line":180,"column":17}},"loc":{"start":{"line":180,"column":30},"end":{"line":180,"column":47}}},"22":{"name":"(anonymous_22)","decl":{"start":{"line":182,"column":8},"end":{"line":182,"column":20}},"loc":{"start":{"line":182,"column":35},"end":{"line":184,"column":null}}},"23":{"name":"(anonymous_23)","decl":{"start":{"line":187,"column":8},"end":{"line":187,"column":28}},"loc":{"start":{"line":187,"column":43},"end":{"line":187,"column":91}}},"24":{"name":"(anonymous_24)","decl":{"start":{"line":188,"column":8},"end":{"line":188,"column":22}},"loc":{"start":{"line":188,"column":34},"end":{"line":188,"column":56}}},"25":{"name":"(anonymous_25)","decl":{"start":{"line":189,"column":8},"end":{"line":189,"column":22}},"loc":{"start":{"line":189,"column":34},"end":{"line":195,"column":null}}},"26":{"name":"SchemaWorkspaceNode","decl":{"start":{"line":206,"column":9},"end":{"line":206,"column":29}},"loc":{"start":{"line":206,"column":66},"end":{"line":297,"column":null}}},"27":{"name":"(anonymous_27)","decl":{"start":{"line":210,"column":2},"end":{"line":210,"column":18}},"loc":{"start":{"line":210,"column":18},"end":{"line":212,"column":6}}},"28":{"name":"(anonymous_28)","decl":{"start":{"line":217,"column":60},"end":{"line":217,"column":75}},"loc":{"start":{"line":217,"column":75},"end":{"line":217,"column":113}}},"29":{"name":"(anonymous_29)","decl":{"start":{"line":226,"column":12},"end":{"line":226,"column":22}},"loc":{"start":{"line":226,"column":32},"end":{"line":228,"column":null}}},"30":{"name":"(anonymous_30)","decl":{"start":{"line":246,"column":20},"end":{"line":246,"column":25}},"loc":{"start":{"line":246,"column":36},"end":{"line":291,"column":null}}},"31":{"name":"(anonymous_31)","decl":{"start":{"line":263,"column":20},"end":{"line":263,"column":30}},"loc":{"start":{"line":263,"column":40},"end":{"line":265,"column":null}}},"32":{"name":"buildSchemaNode","decl":{"start":{"line":301,"column":9},"end":{"line":301,"column":25}},"loc":{"start":{"line":323,"column":19},"end":{"line":347,"column":null}}},"33":{"name":"isValidSchemaConnection","decl":{"start":{"line":350,"column":9},"end":{"line":350,"column":null}},"loc":{"start":{"line":353,"column":11},"end":{"line":368,"column":null}}},"34":{"name":"(anonymous_34)","decl":{"start":{"line":360,"column":63},"end":{"line":360,"column":69}},"loc":{"start":{"line":360,"column":80},"end":{"line":360,"column":113}}},"35":{"name":"(anonymous_35)","decl":{"start":{"line":361,"column":63},"end":{"line":361,"column":69}},"loc":{"start":{"line":361,"column":80},"end":{"line":361,"column":113}}}},"branchMap":{"0":{"loc":{"start":{"line":81,"column":40},"end":{"line":81,"column":81}},"type":"binary-expr","locations":[{"start":{"line":81,"column":40},"end":{"line":81,"column":72}},{"start":{"line":81,"column":76},"end":{"line":81,"column":81}}]},"1":{"loc":{"start":{"line":108,"column":15},"end":{"line":108,"column":51}},"type":"binary-expr","locations":[{"start":{"line":108,"column":15},"end":{"line":108,"column":49}},{"start":{"line":108,"column":49},"end":{"line":108,"column":51}}]},"2":{"loc":{"start":{"line":109,"column":17},"end":{"line":109,"column":58}},"type":"binary-expr","locations":[{"start":{"line":109,"column":17},"end":{"line":109,"column":56}},{"start":{"line":109,"column":56},"end":{"line":109,"column":58}}]},"3":{"loc":{"start":{"line":110,"column":23},"end":{"line":110,"column":null}},"type":"binary-expr","locations":[{"start":{"line":110,"column":23},"end":{"line":110,"column":56}},{"start":{"line":110,"column":60},"end":{"line":110,"column":null}}]},"4":{"loc":{"start":{"line":117,"column":12},"end":{"line":119,"column":39}},"type":"cond-expr","locations":[{"start":{"line":118,"column":16},"end":{"line":118,"column":84}},{"start":{"line":119,"column":16},"end":{"line":119,"column":39}}]},"5":{"loc":{"start":{"line":121,"column":18},"end":{"line":121,"column":null}},"type":"binary-expr","locations":[{"start":{"line":121,"column":18},"end":{"line":121,"column":54}},{"start":{"line":121,"column":58},"end":{"line":121,"column":87}},{"start":{"line":121,"column":87},"end":{"line":121,"column":null}}]},"6":{"loc":{"start":{"line":130,"column":18},"end":{"line":130,"column":null}},"type":"binary-expr","locations":[{"start":{"line":130,"column":18},"end":{"line":130,"column":41}},{"start":{"line":130,"column":41},"end":{"line":130,"column":null}}]},"7":{"loc":{"start":{"line":138,"column":6},"end":{"line":144,"column":null}},"type":"cond-expr","locations":[{"start":{"line":139,"column":10},"end":{"line":141,"column":null}},{"start":{"line":142,"column":10},"end":{"line":144,"column":null}}]},"8":{"loc":{"start":{"line":139,"column":10},"end":{"line":141,"column":null}},"type":"binary-expr","locations":[{"start":{"line":139,"column":10},"end":{"line":139,"column":null}},{"start":{"line":140,"column":10},"end":{"line":140,"column":null}},{"start":{"line":141,"column":10},"end":{"line":141,"column":null}}]},"9":{"loc":{"start":{"line":142,"column":10},"end":{"line":144,"column":null}},"type":"binary-expr","locations":[{"start":{"line":142,"column":10},"end":{"line":142,"column":null}},{"start":{"line":143,"column":10},"end":{"line":143,"column":null}},{"start":{"line":144,"column":10},"end":{"line":144,"column":null}}]},"10":{"loc":{"start":{"line":153,"column":8},"end":{"line":155,"column":null}},"type":"cond-expr","locations":[{"start":{"line":154,"column":12},"end":{"line":154,"column":null}},{"start":{"line":155,"column":12},"end":{"line":155,"column":null}}]},"11":{"loc":{"start":{"line":158,"column":8},"end":{"line":164,"column":null}},"type":"cond-expr","locations":[{"start":{"line":159,"column":12},"end":{"line":161,"column":null}},{"start":{"line":162,"column":12},"end":{"line":164,"column":null}}]},"12":{"loc":{"start":{"line":159,"column":12},"end":{"line":161,"column":null}},"type":"cond-expr","locations":[{"start":{"line":160,"column":14},"end":{"line":160,"column":null}},{"start":{"line":161,"column":14},"end":{"line":161,"column":null}}]},"13":{"loc":{"start":{"line":162,"column":12},"end":{"line":164,"column":null}},"type":"cond-expr","locations":[{"start":{"line":163,"column":14},"end":{"line":163,"column":null}},{"start":{"line":164,"column":14},"end":{"line":164,"column":null}}]},"14":{"loc":{"start":{"line":169,"column":22},"end":{"line":169,"column":null}},"type":"binary-expr","locations":[{"start":{"line":169,"column":22},"end":{"line":169,"column":35}},{"start":{"line":169,"column":35},"end":{"line":169,"column":null}}]},"15":{"loc":{"start":{"line":183,"column":10},"end":{"line":184,"column":null}},"type":"if","locations":[{"start":{"line":183,"column":10},"end":{"line":184,"column":null}},{"start":{},"end":{}}]},"16":{"loc":{"start":{"line":191,"column":10},"end":{"line":193,"column":null}},"type":"if","locations":[{"start":{"line":191,"column":10},"end":{"line":193,"column":null}},{"start":{},"end":{}}]},"17":{"loc":{"start":{"line":215,"column":40},"end":{"line":215,"column":75}},"type":"cond-expr","locations":[{"start":{"line":215,"column":56},"end":{"line":215,"column":72}},{"start":{"line":215,"column":72},"end":{"line":215,"column":75}}]},"18":{"loc":{"start":{"line":215,"column":78},"end":{"line":215,"column":null}},"type":"cond-expr","locations":[{"start":{"line":215,"column":95},"end":{"line":215,"column":112}},{"start":{"line":215,"column":112},"end":{"line":215,"column":null}}]},"19":{"loc":{"start":{"line":221,"column":49},"end":{"line":221,"column":94}},"type":"binary-expr","locations":[{"start":{"line":221,"column":49},"end":{"line":221,"column":68}},{"start":{"line":221,"column":68},"end":{"line":221,"column":94}}]},"20":{"loc":{"start":{"line":225,"column":24},"end":{"line":225,"column":null}},"type":"cond-expr","locations":[{"start":{"line":225,"column":41},"end":{"line":225,"column":74}},{"start":{"line":225,"column":74},"end":{"line":225,"column":null}}]},"21":{"loc":{"start":{"line":231,"column":13},"end":{"line":231,"column":null}},"type":"cond-expr","locations":[{"start":{"line":231,"column":30},"end":{"line":231,"column":41}},{"start":{"line":231,"column":41},"end":{"line":231,"column":null}}]},"22":{"loc":{"start":{"line":236,"column":15},"end":{"line":236,"column":104}},"type":"cond-expr","locations":[{"start":{"line":236,"column":50},"end":{"line":236,"column":86}},{"start":{"line":236,"column":86},"end":{"line":236,"column":104}}]},"23":{"loc":{"start":{"line":239,"column":7},"end":{"line":295,"column":null}},"type":"cond-expr","locations":[{"start":{"line":240,"column":8},"end":{"line":244,"column":9}},{"start":{"line":244,"column":8},"end":{"line":295,"column":null}}]},"24":{"loc":{"start":{"line":241,"column":11},"end":{"line":241,"column":null}},"type":"cond-expr","locations":[{"start":{"line":241,"column":34},"end":{"line":241,"column":65}},{"start":{"line":241,"column":65},"end":{"line":241,"column":null}}]},"25":{"loc":{"start":{"line":245,"column":11},"end":{"line":293,"column":null}},"type":"cond-expr","locations":[{"start":{"line":246,"column":12},"end":{"line":291,"column":null}},{"start":{"line":293,"column":12},"end":{"line":293,"column":null}}]},"26":{"loc":{"start":{"line":249,"column":72},"end":{"line":249,"column":null}},"type":"cond-expr","locations":[{"start":{"line":249,"column":83},"end":{"line":249,"column":99}},{"start":{"line":249,"column":99},"end":{"line":249,"column":null}}]},"27":{"loc":{"start":{"line":250,"column":19},"end":{"line":259,"column":null}},"type":"cond-expr","locations":[{"start":{"line":251,"column":20},"end":{"line":259,"column":null}},{"start":{"line":259,"column":22},"end":{"line":259,"column":null}}]},"28":{"loc":{"start":{"line":271,"column":23},"end":{"line":271,"column":null}},"type":"cond-expr","locations":[{"start":{"line":271,"column":47},"end":{"line":271,"column":57}},{"start":{"line":271,"column":57},"end":{"line":271,"column":null}}]},"29":{"loc":{"start":{"line":272,"column":23},"end":{"line":276,"column":null}},"type":"cond-expr","locations":[{"start":{"line":273,"column":26},"end":{"line":273,"column":null}},{"start":{"line":274,"column":26},"end":{"line":276,"column":null}}]},"30":{"loc":{"start":{"line":274,"column":26},"end":{"line":276,"column":null}},"type":"cond-expr","locations":[{"start":{"line":275,"column":28},"end":{"line":275,"column":null}},{"start":{"line":276,"column":28},"end":{"line":276,"column":null}}]},"31":{"loc":{"start":{"line":279,"column":19},"end":{"line":288,"column":null}},"type":"cond-expr","locations":[{"start":{"line":280,"column":20},"end":{"line":288,"column":null}},{"start":{"line":288,"column":22},"end":{"line":288,"column":null}}]},"32":{"loc":{"start":{"line":338,"column":8},"end":{"line":342,"column":null}},"type":"cond-expr","locations":[{"start":{"line":339,"column":12},"end":{"line":339,"column":null}},{"start":{"line":340,"column":12},"end":{"line":342,"column":null}}]},"33":{"loc":{"start":{"line":338,"column":8},"end":{"line":338,"column":null}},"type":"binary-expr","locations":[{"start":{"line":338,"column":8},"end":{"line":338,"column":40}},{"start":{"line":338,"column":40},"end":{"line":338,"column":null}}]},"34":{"loc":{"start":{"line":340,"column":12},"end":{"line":342,"column":null}},"type":"cond-expr","locations":[{"start":{"line":341,"column":14},"end":{"line":341,"column":null}},{"start":{"line":342,"column":14},"end":{"line":342,"column":null}}]},"35":{"loc":{"start":{"line":340,"column":12},"end":{"line":340,"column":null}},"type":"binary-expr","locations":[{"start":{"line":340,"column":12},"end":{"line":340,"column":46}},{"start":{"line":340,"column":46},"end":{"line":340,"column":null}}]},"36":{"loc":{"start":{"line":354,"column":2},"end":{"line":355,"column":null}},"type":"if","locations":[{"start":{"line":354,"column":2},"end":{"line":355,"column":null}},{"start":{},"end":{}}]},"37":{"loc":{"start":{"line":354,"column":6},"end":{"line":354,"column":104}},"type":"binary-expr","locations":[{"start":{"line":354,"column":6},"end":{"line":354,"column":28}},{"start":{"line":354,"column":28},"end":{"line":354,"column":50}},{"start":{"line":354,"column":50},"end":{"line":354,"column":78}},{"start":{"line":354,"column":78},"end":{"line":354,"column":104}}]},"38":{"loc":{"start":{"line":364,"column":4},"end":{"line":367,"column":82}},"type":"binary-expr","locations":[{"start":{"line":364,"column":4},"end":{"line":364,"column":null}},{"start":{"line":365,"column":6},"end":{"line":365,"column":null}},{"start":{"line":366,"column":6},"end":{"line":366,"column":null}},{"start":{"line":367,"column":6},"end":{"line":367,"column":82}}]}},"s":{"0":1,"1":25,"2":4,"3":25,"4":4,"5":25,"6":4,"7":4,"8":3,"9":4,"10":25,"11":25,"12":10,"13":25,"14":10,"15":25,"16":25,"17":25,"18":4,"19":4,"20":0,"21":0,"22":25,"23":10,"24":10,"25":11,"26":10,"27":18,"28":2,"29":2,"30":1,"31":25,"32":14,"33":12,"34":22,"35":14,"36":25,"37":20,"38":20,"39":25,"40":25,"41":4,"42":0,"43":0,"44":0,"45":1,"46":0,"47":0,"48":0,"49":0,"50":0,"51":50,"52":50,"53":50,"54":9,"55":50,"56":1,"57":2,"58":2,"59":62,"60":62,"61":1,"62":1,"63":18,"64":0,"65":0,"66":0,"67":0,"68":0,"69":0,"70":0,"71":0,"72":0},"f":{"0":25,"1":4,"2":4,"3":4,"4":10,"5":10,"6":4,"7":4,"8":0,"9":0,"10":10,"11":10,"12":11,"13":18,"14":2,"15":2,"16":1,"17":14,"18":12,"19":22,"20":20,"21":4,"22":0,"23":0,"24":1,"25":0,"26":50,"27":9,"28":1,"29":2,"30":62,"31":1,"32":18,"33":0,"34":0,"35":0},"b":{"0":[3,3],"1":[18,0],"2":[18,0],"3":[18,10],"4":[1,1],"5":[18,7,0],"6":[22,0],"7":[20,0],"8":[20,0,0],"9":[0,0,0],"10":[0,20],"11":[0,20],"12":[0,0],"13":[0,20],"14":[25,25],"15":[0,0],"16":[0,0],"17":[5,45],"18":[3,47],"19":[50,0],"20":[3,47],"21":[3,47],"22":[50,0],"23":[3,47],"24":[0,3],"25":[42,5],"26":[5,57],"27":[42,20],"28":[42,20],"29":[20,42],"30":[0,42],"31":[20,42],"32":[2,16],"33":[18,4],"34":[0,16],"35":[16,0],"36":[0,0],"37":[0,0,0,0],"38":[0,0,0,0]}}
}
